TN:
SF:/Users/max/Github/sketch-toolkit/sketch-toolkit.sketchplugin/Contents/Sketch/layerName.js
FN:2,__skpm_run
FN:6,(anonymous_1)
FN:11,__webpack_require__
FN:42,(anonymous_3)
FN:49,(anonymous_4)
FN:61,(anonymous_5)
FN:68,(anonymous_6)
FN:73,(anonymous_7)
FN:75,getDefault
FN:76,getModuleExports
FN:82,(anonymous_10)
FN:99,(anonymous_11)
FN:103,(anonymous_12)
FN:106,set_layer_index_name
FN:115,(anonymous_14)
FN:136,(anonymous_15)
FN:140,(anonymous_16)
FN:141,(anonymous_17)
FN:142,(anonymous_18)
FN:143,(anonymous_19)
FN:144,(anonymous_20)
FN:145,(anonymous_21)
FN:146,(anonymous_22)
FN:147,(anonymous_23)
FN:148,(anonymous_24)
FN:149,(anonymous_25)
FN:186,newFont
FN:200,newColorWithRGBA
FN:211,getRGB_fromHEX
FN:227,newMSColor_fromHEX
FN:240,newTextStyle
FN:257,newSharedStyle_fromLayer
FN:281,newTextLayer
FN:291,newShapeGroup
FN:309,getAttribute_fromLayer
FN:369,setAttribute_forLayer
FN:472,(anonymous_36)
FN:483,(anonymous_37)
FNF:38
FNH:0
FNDA:0,__skpm_run
FNDA:0,(anonymous_1)
FNDA:0,__webpack_require__
FNDA:0,(anonymous_3)
FNDA:0,(anonymous_4)
FNDA:0,(anonymous_5)
FNDA:0,(anonymous_6)
FNDA:0,(anonymous_7)
FNDA:0,getDefault
FNDA:0,getModuleExports
FNDA:0,(anonymous_10)
FNDA:0,(anonymous_11)
FNDA:0,(anonymous_12)
FNDA:0,set_layer_index_name
FNDA:0,(anonymous_14)
FNDA:0,(anonymous_15)
FNDA:0,(anonymous_16)
FNDA:0,(anonymous_17)
FNDA:0,(anonymous_18)
FNDA:0,(anonymous_19)
FNDA:0,(anonymous_20)
FNDA:0,(anonymous_21)
FNDA:0,(anonymous_22)
FNDA:0,(anonymous_23)
FNDA:0,(anonymous_24)
FNDA:0,(anonymous_25)
FNDA:0,newFont
FNDA:0,newColorWithRGBA
FNDA:0,getRGB_fromHEX
FNDA:0,newMSColor_fromHEX
FNDA:0,newTextStyle
FNDA:0,newSharedStyle_fromLayer
FNDA:0,newTextLayer
FNDA:0,newShapeGroup
FNDA:0,getAttribute_fromLayer
FNDA:0,setAttribute_forLayer
FNDA:0,(anonymous_36)
FNDA:0,(anonymous_37)
DA:1,0
DA:3,0
DA:6,0
DA:8,0
DA:14,0
DA:15,0
DA:18,0
DA:25,0
DA:28,0
DA:31,0
DA:36,0
DA:39,0
DA:42,0
DA:43,0
DA:44,0
DA:49,0
DA:50,0
DA:51,0
DA:53,0
DA:61,0
DA:62,0
DA:63,0
DA:64,0
DA:65,0
DA:66,0
DA:67,0
DA:68,0
DA:69,0
DA:73,0
DA:74,0
DA:75,0
DA:76,0
DA:77,0
DA:78,0
DA:82,0
DA:85,0
DA:89,0
DA:102,0
DA:103,0
DA:104,0
DA:107,0
DA:108,0
DA:110,0
DA:111,0
DA:112,0
DA:115,0
DA:116,0
DA:119,0
DA:120,0
DA:122,0
DA:125,0
DA:139,0
DA:140,0
DA:141,0
DA:142,0
DA:143,0
DA:144,0
DA:145,0
DA:146,0
DA:147,0
DA:148,0
DA:149,0
DA:150,0
DA:152,0
DA:154,0
DA:156,0
DA:158,0
DA:160,0
DA:162,0
DA:164,0
DA:166,0
DA:168,0
DA:170,0
DA:171,0
DA:172,0
DA:173,0
DA:174,0
DA:175,0
DA:176,0
DA:187,0
DA:201,0
DA:212,0
DA:213,0
DA:228,0
DA:229,0
DA:241,0
DA:245,0
DA:246,0
DA:247,0
DA:258,0
DA:259,0
DA:262,0
DA:263,0
DA:265,0
DA:282,0
DA:283,0
DA:284,0
DA:285,0
DA:286,0
DA:287,0
DA:288,0
DA:289,0
DA:292,0
DA:293,0
DA:294,0
DA:295,0
DA:296,0
DA:297,0
DA:310,0
DA:312,0
DA:315,0
DA:318,0
DA:321,0
DA:324,0
DA:327,0
DA:330,0
DA:333,0
DA:336,0
DA:339,0
DA:342,0
DA:345,0
DA:346,0
DA:348,0
DA:352,0
DA:353,0
DA:355,0
DA:359,0
DA:360,0
DA:362,0
DA:365,0
DA:370,0
DA:372,0
DA:375,0
DA:378,0
DA:381,0
DA:384,0
DA:387,0
DA:389,0
DA:390,0
DA:393,0
DA:396,0
DA:397,0
DA:400,0
DA:403,0
DA:404,0
DA:407,0
DA:410,0
DA:411,0
DA:414,0
DA:417,0
DA:418,0
DA:421,0
DA:424,0
DA:425,0
DA:428,0
DA:431,0
DA:434,0
DA:437,0
DA:440,0
DA:441,0
DA:443,0
DA:446,0
DA:450,0
DA:451,0
DA:453,0
DA:457,0
DA:458,0
DA:460,0
DA:474,0
DA:485,0
DA:490,0
DA:491,0
DA:493,0
DA:496,0
DA:497,0
LF:175
LH:0
BRDA:14,0,0,0
BRDA:14,0,1,0
BRDA:43,1,0,0
BRDA:43,1,1,0
BRDA:50,2,0,0
BRDA:50,2,1,0
BRDA:50,3,0,0
BRDA:50,3,1,0
BRDA:62,4,0,0
BRDA:62,4,1,0
BRDA:63,5,0,0
BRDA:63,5,1,0
BRDA:64,6,0,0
BRDA:64,6,1,0
BRDA:64,7,0,0
BRDA:64,7,1,0
BRDA:64,7,2,0
BRDA:64,7,3,0
BRDA:68,8,0,0
BRDA:68,8,1,0
BRDA:68,9,0,0
BRDA:68,9,1,0
BRDA:74,10,0,0
BRDA:74,10,1,0
BRDA:74,11,0,0
BRDA:74,11,1,0
BRDA:110,12,0,0
BRDA:110,12,1,0
BRDA:119,13,0,0
BRDA:119,13,1,0
BRDA:213,14,0,0
BRDA:213,14,1,0
BRDA:258,15,0,0
BRDA:258,15,1,0
BRDA:262,16,0,0
BRDA:262,16,1,0
BRDA:310,17,0,0
BRDA:310,17,1,0
BRDA:310,17,2,0
BRDA:310,17,3,0
BRDA:310,17,4,0
BRDA:310,17,5,0
BRDA:310,17,6,0
BRDA:310,17,7,0
BRDA:310,17,8,0
BRDA:310,17,9,0
BRDA:310,17,10,0
BRDA:345,18,0,0
BRDA:345,18,1,0
BRDA:346,19,0,0
BRDA:352,20,0,0
BRDA:352,20,1,0
BRDA:353,21,0,0
BRDA:359,22,0,0
BRDA:359,22,1,0
BRDA:360,23,0,0
BRDA:360,23,1,0
BRDA:370,24,0,0
BRDA:370,24,1,0
BRDA:370,24,2,0
BRDA:370,24,3,0
BRDA:370,24,4,0
BRDA:370,24,5,0
BRDA:370,24,6,0
BRDA:387,25,0,0
BRDA:387,25,1,0
BRDA:387,25,2,0
BRDA:387,25,3,0
BRDA:387,25,4,0
BRDA:387,25,5,0
BRDA:387,25,6,0
BRDA:389,26,0,0
BRDA:389,26,1,0
BRDA:396,27,0,0
BRDA:396,27,1,0
BRDA:403,28,0,0
BRDA:403,28,1,0
BRDA:410,29,0,0
BRDA:410,29,1,0
BRDA:417,30,0,0
BRDA:417,30,1,0
BRDA:424,31,0,0
BRDA:424,31,1,0
BRDA:440,32,0,0
BRDA:440,32,1,0
BRDA:441,33,0,0
BRDA:441,33,1,0
BRDA:450,34,0,0
BRDA:450,34,1,0
BRDA:451,35,0,0
BRDA:457,36,0,0
BRDA:457,36,1,0
BRDA:458,37,0,0
BRDA:490,38,0,0
BRDA:490,38,1,0
BRDA:490,39,0,0
BRDA:490,39,1,0
BRF:97
BRH:0
end_of_record
TN:
SF:/Users/max/Github/sketch-toolkit/sketch-toolkit.sketchplugin/Contents/Sketch/mark_layer.js
FN:2,__skpm_run
FN:6,(anonymous_1)
FN:11,__webpack_require__
FN:42,(anonymous_3)
FN:49,(anonymous_4)
FN:61,(anonymous_5)
FN:68,(anonymous_6)
FN:73,(anonymous_7)
FN:75,getDefault
FN:76,getModuleExports
FN:82,(anonymous_10)
FN:99,(anonymous_11)
FN:103,(anonymous_12)
FN:104,(anonymous_13)
FN:105,(anonymous_14)
FN:106,(anonymous_15)
FN:107,(anonymous_16)
FN:108,(anonymous_17)
FN:109,(anonymous_18)
FN:110,(anonymous_19)
FN:111,(anonymous_20)
FN:112,(anonymous_21)
FN:113,(anonymous_22)
FN:114,(anonymous_23)
FN:115,(anonymous_24)
FN:116,(anonymous_25)
FN:117,(anonymous_26)
FN:118,(anonymous_27)
FN:119,(anonymous_28)
FN:120,(anonymous_29)
FN:121,(anonymous_30)
FN:122,(anonymous_31)
FN:123,(anonymous_32)
FN:124,(anonymous_33)
FN:157,getLayer_byName
FN:167,getLayers_byName
FN:179,getTextSharedStyle_byName
FN:183,getTextSharedStyle_byID
FN:186,getSharedStyle_byID
FN:199,getObjectBy
FN:240,getSharedStyle_byName
FN:260,addTextLayer
FN:282,getHex_fromMSColor
FN:291,getHex_fromLayer
FN:303,luminance
FN:315,contrast
FN:328,colorTone
FN:347,getColor_fromLayer
FN:358,addSharedStyle_fromStyle
FN:377,updateSharedStyle_fromLayer
FN:404,isLayerExist
FN:419,isSharedTextStyleExist
FN:434,hasSharedStyle
FN:449,getAllShapeLayers
FN:452,(anonymous_54)
FN:469,autoTextColor
FN:485,selectLayer
FN:496,(anonymous_57)
FN:500,(anonymous_58)
FN:501,(anonymous_59)
FN:502,(anonymous_60)
FN:508,newText
FN:519,mark_layer_name
FN:528,(anonymous_63)
FN:535,mark_layer_opacity
FN:544,(anonymous_65)
FN:556,mark_layer_color_value
FN:565,(anonymous_67)
FN:585,(anonymous_68)
FN:589,(anonymous_69)
FN:590,(anonymous_70)
FN:591,(anonymous_71)
FN:592,(anonymous_72)
FN:593,(anonymous_73)
FN:594,(anonymous_74)
FN:595,(anonymous_75)
FN:596,(anonymous_76)
FN:597,(anonymous_77)
FN:598,(anonymous_78)
FN:635,newFont
FN:649,newColorWithRGBA
FN:660,getRGB_fromHEX
FN:676,newMSColor_fromHEX
FN:689,newTextStyle
FN:706,newSharedStyle_fromLayer
FN:730,newTextLayer
FN:740,newShapeGroup
FN:758,getAttribute_fromLayer
FN:818,setAttribute_forLayer
FN:921,(anonymous_89)
FN:932,(anonymous_90)
FNF:91
FNH:0
FNDA:0,__skpm_run
FNDA:0,(anonymous_1)
FNDA:0,__webpack_require__
FNDA:0,(anonymous_3)
FNDA:0,(anonymous_4)
FNDA:0,(anonymous_5)
FNDA:0,(anonymous_6)
FNDA:0,(anonymous_7)
FNDA:0,getDefault
FNDA:0,getModuleExports
FNDA:0,(anonymous_10)
FNDA:0,(anonymous_11)
FNDA:0,(anonymous_12)
FNDA:0,(anonymous_13)
FNDA:0,(anonymous_14)
FNDA:0,(anonymous_15)
FNDA:0,(anonymous_16)
FNDA:0,(anonymous_17)
FNDA:0,(anonymous_18)
FNDA:0,(anonymous_19)
FNDA:0,(anonymous_20)
FNDA:0,(anonymous_21)
FNDA:0,(anonymous_22)
FNDA:0,(anonymous_23)
FNDA:0,(anonymous_24)
FNDA:0,(anonymous_25)
FNDA:0,(anonymous_26)
FNDA:0,(anonymous_27)
FNDA:0,(anonymous_28)
FNDA:0,(anonymous_29)
FNDA:0,(anonymous_30)
FNDA:0,(anonymous_31)
FNDA:0,(anonymous_32)
FNDA:0,(anonymous_33)
FNDA:0,getLayer_byName
FNDA:0,getLayers_byName
FNDA:0,getTextSharedStyle_byName
FNDA:0,getTextSharedStyle_byID
FNDA:0,getSharedStyle_byID
FNDA:0,getObjectBy
FNDA:0,getSharedStyle_byName
FNDA:0,addTextLayer
FNDA:0,getHex_fromMSColor
FNDA:0,getHex_fromLayer
FNDA:0,luminance
FNDA:0,contrast
FNDA:0,colorTone
FNDA:0,getColor_fromLayer
FNDA:0,addSharedStyle_fromStyle
FNDA:0,updateSharedStyle_fromLayer
FNDA:0,isLayerExist
FNDA:0,isSharedTextStyleExist
FNDA:0,hasSharedStyle
FNDA:0,getAllShapeLayers
FNDA:0,(anonymous_54)
FNDA:0,autoTextColor
FNDA:0,selectLayer
FNDA:0,(anonymous_57)
FNDA:0,(anonymous_58)
FNDA:0,(anonymous_59)
FNDA:0,(anonymous_60)
FNDA:0,newText
FNDA:0,mark_layer_name
FNDA:0,(anonymous_63)
FNDA:0,mark_layer_opacity
FNDA:0,(anonymous_65)
FNDA:0,mark_layer_color_value
FNDA:0,(anonymous_67)
FNDA:0,(anonymous_68)
FNDA:0,(anonymous_69)
FNDA:0,(anonymous_70)
FNDA:0,(anonymous_71)
FNDA:0,(anonymous_72)
FNDA:0,(anonymous_73)
FNDA:0,(anonymous_74)
FNDA:0,(anonymous_75)
FNDA:0,(anonymous_76)
FNDA:0,(anonymous_77)
FNDA:0,(anonymous_78)
FNDA:0,newFont
FNDA:0,newColorWithRGBA
FNDA:0,getRGB_fromHEX
FNDA:0,newMSColor_fromHEX
FNDA:0,newTextStyle
FNDA:0,newSharedStyle_fromLayer
FNDA:0,newTextLayer
FNDA:0,newShapeGroup
FNDA:0,getAttribute_fromLayer
FNDA:0,setAttribute_forLayer
FNDA:0,(anonymous_89)
FNDA:0,(anonymous_90)
DA:1,0
DA:3,0
DA:6,0
DA:8,0
DA:14,0
DA:15,0
DA:18,0
DA:25,0
DA:28,0
DA:31,0
DA:36,0
DA:39,0
DA:42,0
DA:43,0
DA:44,0
DA:49,0
DA:50,0
DA:51,0
DA:53,0
DA:61,0
DA:62,0
DA:63,0
DA:64,0
DA:65,0
DA:66,0
DA:67,0
DA:68,0
DA:69,0
DA:73,0
DA:74,0
DA:75,0
DA:76,0
DA:77,0
DA:78,0
DA:82,0
DA:85,0
DA:89,0
DA:102,0
DA:103,0
DA:104,0
DA:105,0
DA:106,0
DA:107,0
DA:108,0
DA:109,0
DA:110,0
DA:111,0
DA:112,0
DA:113,0
DA:114,0
DA:115,0
DA:116,0
DA:117,0
DA:118,0
DA:119,0
DA:120,0
DA:121,0
DA:122,0
DA:123,0
DA:124,0
DA:125,0
DA:127,0
DA:129,0
DA:131,0
DA:133,0
DA:135,0
DA:137,0
DA:139,0
DA:141,0
DA:143,0
DA:144,0
DA:145,0
DA:146,0
DA:147,0
DA:148,0
DA:149,0
DA:150,0
DA:158,0
DA:159,0
DA:168,0
DA:169,0
DA:180,0
DA:181,0
DA:184,0
DA:187,0
DA:202,0
DA:204,0
DA:205,0
DA:208,0
DA:209,0
DA:212,0
DA:215,0
DA:217,0
DA:220,0
DA:223,0
DA:226,0
DA:229,0
DA:241,0
DA:242,0
DA:261,0
DA:266,0
DA:267,0
DA:268,0
DA:269,0
DA:270,0
DA:271,0
DA:272,0
DA:273,0
DA:274,0
DA:283,0
DA:292,0
DA:304,0
DA:316,0
DA:317,0
DA:318,0
DA:329,0
DA:330,0
DA:331,0
DA:333,0
DA:334,0
DA:336,0
DA:348,0
DA:359,0
DA:360,0
DA:363,0
DA:364,0
DA:366,0
DA:378,0
DA:380,0
DA:381,0
DA:383,0
DA:384,0
DA:386,0
DA:387,0
DA:389,0
DA:390,0
DA:393,0
DA:405,0
DA:406,0
DA:408,0
DA:420,0
DA:421,0
DA:423,0
DA:435,0
DA:436,0
DA:438,0
DA:450,0
DA:451,0
DA:452,0
DA:453,0
DA:454,0
DA:455,0
DA:456,0
DA:459,0
DA:470,0
DA:472,0
DA:473,0
DA:476,0
DA:486,0
DA:499,0
DA:500,0
DA:501,0
DA:502,0
DA:503,0
DA:504,0
DA:509,0
DA:520,0
DA:521,0
DA:523,0
DA:524,0
DA:525,0
DA:528,0
DA:529,0
DA:530,0
DA:531,0
DA:532,0
DA:536,0
DA:537,0
DA:539,0
DA:540,0
DA:541,0
DA:544,0
DA:545,0
DA:546,0
DA:549,0
DA:550,0
DA:551,0
DA:552,0
DA:553,0
DA:557,0
DA:558,0
DA:560,0
DA:561,0
DA:562,0
DA:565,0
DA:566,0
DA:567,0
DA:570,0
DA:571,0
DA:572,0
DA:573,0
DA:574,0
DA:588,0
DA:589,0
DA:590,0
DA:591,0
DA:592,0
DA:593,0
DA:594,0
DA:595,0
DA:596,0
DA:597,0
DA:598,0
DA:599,0
DA:601,0
DA:603,0
DA:605,0
DA:607,0
DA:609,0
DA:611,0
DA:613,0
DA:615,0
DA:617,0
DA:619,0
DA:620,0
DA:621,0
DA:622,0
DA:623,0
DA:624,0
DA:625,0
DA:636,0
DA:650,0
DA:661,0
DA:662,0
DA:677,0
DA:678,0
DA:690,0
DA:694,0
DA:695,0
DA:696,0
DA:707,0
DA:708,0
DA:711,0
DA:712,0
DA:714,0
DA:731,0
DA:732,0
DA:733,0
DA:734,0
DA:735,0
DA:736,0
DA:737,0
DA:738,0
DA:741,0
DA:742,0
DA:743,0
DA:744,0
DA:745,0
DA:746,0
DA:759,0
DA:761,0
DA:764,0
DA:767,0
DA:770,0
DA:773,0
DA:776,0
DA:779,0
DA:782,0
DA:785,0
DA:788,0
DA:791,0
DA:794,0
DA:795,0
DA:797,0
DA:801,0
DA:802,0
DA:804,0
DA:808,0
DA:809,0
DA:811,0
DA:814,0
DA:819,0
DA:821,0
DA:824,0
DA:827,0
DA:830,0
DA:833,0
DA:836,0
DA:838,0
DA:839,0
DA:842,0
DA:845,0
DA:846,0
DA:849,0
DA:852,0
DA:853,0
DA:856,0
DA:859,0
DA:860,0
DA:863,0
DA:866,0
DA:867,0
DA:870,0
DA:873,0
DA:874,0
DA:877,0
DA:880,0
DA:883,0
DA:886,0
DA:889,0
DA:890,0
DA:892,0
DA:895,0
DA:899,0
DA:900,0
DA:902,0
DA:906,0
DA:907,0
DA:909,0
DA:923,0
DA:934,0
DA:939,0
DA:940,0
DA:942,0
DA:945,0
DA:946,0
DA:947,0
DA:948,0
LF:328
LH:0
BRDA:14,0,0,0
BRDA:14,0,1,0
BRDA:43,1,0,0
BRDA:43,1,1,0
BRDA:50,2,0,0
BRDA:50,2,1,0
BRDA:50,3,0,0
BRDA:50,3,1,0
BRDA:62,4,0,0
BRDA:62,4,1,0
BRDA:63,5,0,0
BRDA:63,5,1,0
BRDA:64,6,0,0
BRDA:64,6,1,0
BRDA:64,7,0,0
BRDA:64,7,1,0
BRDA:64,7,2,0
BRDA:64,7,3,0
BRDA:68,8,0,0
BRDA:68,8,1,0
BRDA:68,9,0,0
BRDA:68,9,1,0
BRDA:74,10,0,0
BRDA:74,10,1,0
BRDA:74,11,0,0
BRDA:74,11,1,0
BRDA:202,12,0,0
BRDA:202,12,1,0
BRDA:202,12,2,0
BRDA:215,13,0,0
BRDA:215,13,1,0
BRDA:215,13,2,0
BRDA:215,13,3,0
BRDA:215,13,4,0
BRDA:333,14,0,0
BRDA:333,14,1,0
BRDA:333,15,0,0
BRDA:333,15,1,0
BRDA:359,16,0,0
BRDA:359,16,1,0
BRDA:363,17,0,0
BRDA:363,17,1,0
BRDA:380,18,0,0
BRDA:380,18,1,0
BRDA:383,19,0,0
BRDA:383,19,1,0
BRDA:386,20,0,0
BRDA:386,20,1,0
BRDA:389,21,0,0
BRDA:389,21,1,0
BRDA:405,22,0,0
BRDA:405,22,1,0
BRDA:420,23,0,0
BRDA:420,23,1,0
BRDA:435,24,0,0
BRDA:435,24,1,0
BRDA:453,25,0,0
BRDA:453,25,1,0
BRDA:455,26,0,0
BRDA:455,26,1,0
BRDA:472,27,0,0
BRDA:472,27,1,0
BRDA:523,28,0,0
BRDA:523,28,1,0
BRDA:539,29,0,0
BRDA:539,29,1,0
BRDA:545,30,0,0
BRDA:545,30,1,0
BRDA:560,31,0,0
BRDA:560,31,1,0
BRDA:566,32,0,0
BRDA:566,32,1,0
BRDA:662,33,0,0
BRDA:662,33,1,0
BRDA:707,34,0,0
BRDA:707,34,1,0
BRDA:711,35,0,0
BRDA:711,35,1,0
BRDA:759,36,0,0
BRDA:759,36,1,0
BRDA:759,36,2,0
BRDA:759,36,3,0
BRDA:759,36,4,0
BRDA:759,36,5,0
BRDA:759,36,6,0
BRDA:759,36,7,0
BRDA:759,36,8,0
BRDA:759,36,9,0
BRDA:759,36,10,0
BRDA:794,37,0,0
BRDA:794,37,1,0
BRDA:795,38,0,0
BRDA:801,39,0,0
BRDA:801,39,1,0
BRDA:802,40,0,0
BRDA:808,41,0,0
BRDA:808,41,1,0
BRDA:809,42,0,0
BRDA:809,42,1,0
BRDA:819,43,0,0
BRDA:819,43,1,0
BRDA:819,43,2,0
BRDA:819,43,3,0
BRDA:819,43,4,0
BRDA:819,43,5,0
BRDA:819,43,6,0
BRDA:836,44,0,0
BRDA:836,44,1,0
BRDA:836,44,2,0
BRDA:836,44,3,0
BRDA:836,44,4,0
BRDA:836,44,5,0
BRDA:836,44,6,0
BRDA:838,45,0,0
BRDA:838,45,1,0
BRDA:845,46,0,0
BRDA:845,46,1,0
BRDA:852,47,0,0
BRDA:852,47,1,0
BRDA:859,48,0,0
BRDA:859,48,1,0
BRDA:866,49,0,0
BRDA:866,49,1,0
BRDA:873,50,0,0
BRDA:873,50,1,0
BRDA:889,51,0,0
BRDA:889,51,1,0
BRDA:890,52,0,0
BRDA:890,52,1,0
BRDA:899,53,0,0
BRDA:899,53,1,0
BRDA:900,54,0,0
BRDA:906,55,0,0
BRDA:906,55,1,0
BRDA:907,56,0,0
BRDA:939,57,0,0
BRDA:939,57,1,0
BRDA:939,58,0,0
BRDA:939,58,1,0
BRF:139
BRH:0
end_of_record
TN:
SF:/Users/max/Github/sketch-toolkit/sketch-toolkit.sketchplugin/Contents/Sketch/selection.js
FN:2,__skpm_run
FN:6,(anonymous_1)
FN:11,__webpack_require__
FN:42,(anonymous_3)
FN:49,(anonymous_4)
FN:61,(anonymous_5)
FN:68,(anonymous_6)
FN:73,(anonymous_7)
FN:75,getDefault
FN:76,getModuleExports
FN:82,(anonymous_10)
FN:99,(anonymous_11)
FN:103,(anonymous_12)
FN:104,(anonymous_13)
FN:105,(anonymous_14)
FN:106,(anonymous_15)
FN:107,(anonymous_16)
FN:108,(anonymous_17)
FN:109,(anonymous_18)
FN:110,(anonymous_19)
FN:111,(anonymous_20)
FN:112,(anonymous_21)
FN:113,(anonymous_22)
FN:114,(anonymous_23)
FN:115,(anonymous_24)
FN:116,(anonymous_25)
FN:117,(anonymous_26)
FN:118,(anonymous_27)
FN:119,(anonymous_28)
FN:120,(anonymous_29)
FN:121,(anonymous_30)
FN:122,(anonymous_31)
FN:123,(anonymous_32)
FN:124,(anonymous_33)
FN:157,getLayer_byName
FN:167,getLayers_byName
FN:179,getTextSharedStyle_byName
FN:183,getTextSharedStyle_byID
FN:186,getSharedStyle_byID
FN:199,getObjectBy
FN:240,getSharedStyle_byName
FN:260,addTextLayer
FN:282,getHex_fromMSColor
FN:291,getHex_fromLayer
FN:303,luminance
FN:315,contrast
FN:328,colorTone
FN:347,getColor_fromLayer
FN:358,addSharedStyle_fromStyle
FN:377,updateSharedStyle_fromLayer
FN:404,isLayerExist
FN:419,isSharedTextStyleExist
FN:434,hasSharedStyle
FN:449,getAllShapeLayers
FN:452,(anonymous_54)
FN:469,autoTextColor
FN:485,selectLayer
FN:496,(anonymous_57)
FN:500,(anonymous_58)
FN:503,select_same_name_layers_on_page
FN:512,(anonymous_60)
FN:514,(anonymous_61)
FN:527,(anonymous_62)
FNF:63
FNH:0
FNDA:0,__skpm_run
FNDA:0,(anonymous_1)
FNDA:0,__webpack_require__
FNDA:0,(anonymous_3)
FNDA:0,(anonymous_4)
FNDA:0,(anonymous_5)
FNDA:0,(anonymous_6)
FNDA:0,(anonymous_7)
FNDA:0,getDefault
FNDA:0,getModuleExports
FNDA:0,(anonymous_10)
FNDA:0,(anonymous_11)
FNDA:0,(anonymous_12)
FNDA:0,(anonymous_13)
FNDA:0,(anonymous_14)
FNDA:0,(anonymous_15)
FNDA:0,(anonymous_16)
FNDA:0,(anonymous_17)
FNDA:0,(anonymous_18)
FNDA:0,(anonymous_19)
FNDA:0,(anonymous_20)
FNDA:0,(anonymous_21)
FNDA:0,(anonymous_22)
FNDA:0,(anonymous_23)
FNDA:0,(anonymous_24)
FNDA:0,(anonymous_25)
FNDA:0,(anonymous_26)
FNDA:0,(anonymous_27)
FNDA:0,(anonymous_28)
FNDA:0,(anonymous_29)
FNDA:0,(anonymous_30)
FNDA:0,(anonymous_31)
FNDA:0,(anonymous_32)
FNDA:0,(anonymous_33)
FNDA:0,getLayer_byName
FNDA:0,getLayers_byName
FNDA:0,getTextSharedStyle_byName
FNDA:0,getTextSharedStyle_byID
FNDA:0,getSharedStyle_byID
FNDA:0,getObjectBy
FNDA:0,getSharedStyle_byName
FNDA:0,addTextLayer
FNDA:0,getHex_fromMSColor
FNDA:0,getHex_fromLayer
FNDA:0,luminance
FNDA:0,contrast
FNDA:0,colorTone
FNDA:0,getColor_fromLayer
FNDA:0,addSharedStyle_fromStyle
FNDA:0,updateSharedStyle_fromLayer
FNDA:0,isLayerExist
FNDA:0,isSharedTextStyleExist
FNDA:0,hasSharedStyle
FNDA:0,getAllShapeLayers
FNDA:0,(anonymous_54)
FNDA:0,autoTextColor
FNDA:0,selectLayer
FNDA:0,(anonymous_57)
FNDA:0,(anonymous_58)
FNDA:0,select_same_name_layers_on_page
FNDA:0,(anonymous_60)
FNDA:0,(anonymous_61)
FNDA:0,(anonymous_62)
DA:1,0
DA:3,0
DA:6,0
DA:8,0
DA:14,0
DA:15,0
DA:18,0
DA:25,0
DA:28,0
DA:31,0
DA:36,0
DA:39,0
DA:42,0
DA:43,0
DA:44,0
DA:49,0
DA:50,0
DA:51,0
DA:53,0
DA:61,0
DA:62,0
DA:63,0
DA:64,0
DA:65,0
DA:66,0
DA:67,0
DA:68,0
DA:69,0
DA:73,0
DA:74,0
DA:75,0
DA:76,0
DA:77,0
DA:78,0
DA:82,0
DA:85,0
DA:89,0
DA:102,0
DA:103,0
DA:104,0
DA:105,0
DA:106,0
DA:107,0
DA:108,0
DA:109,0
DA:110,0
DA:111,0
DA:112,0
DA:113,0
DA:114,0
DA:115,0
DA:116,0
DA:117,0
DA:118,0
DA:119,0
DA:120,0
DA:121,0
DA:122,0
DA:123,0
DA:124,0
DA:125,0
DA:127,0
DA:129,0
DA:131,0
DA:133,0
DA:135,0
DA:137,0
DA:139,0
DA:141,0
DA:143,0
DA:144,0
DA:145,0
DA:146,0
DA:147,0
DA:148,0
DA:149,0
DA:150,0
DA:158,0
DA:159,0
DA:168,0
DA:169,0
DA:180,0
DA:181,0
DA:184,0
DA:187,0
DA:202,0
DA:204,0
DA:205,0
DA:208,0
DA:209,0
DA:212,0
DA:215,0
DA:217,0
DA:220,0
DA:223,0
DA:226,0
DA:229,0
DA:241,0
DA:242,0
DA:261,0
DA:266,0
DA:267,0
DA:268,0
DA:269,0
DA:270,0
DA:271,0
DA:272,0
DA:273,0
DA:274,0
DA:283,0
DA:292,0
DA:304,0
DA:316,0
DA:317,0
DA:318,0
DA:329,0
DA:330,0
DA:331,0
DA:333,0
DA:334,0
DA:336,0
DA:348,0
DA:359,0
DA:360,0
DA:363,0
DA:364,0
DA:366,0
DA:378,0
DA:380,0
DA:381,0
DA:383,0
DA:384,0
DA:386,0
DA:387,0
DA:389,0
DA:390,0
DA:393,0
DA:405,0
DA:406,0
DA:408,0
DA:420,0
DA:421,0
DA:423,0
DA:435,0
DA:436,0
DA:438,0
DA:450,0
DA:451,0
DA:452,0
DA:453,0
DA:454,0
DA:455,0
DA:456,0
DA:459,0
DA:470,0
DA:472,0
DA:473,0
DA:476,0
DA:486,0
DA:499,0
DA:500,0
DA:501,0
DA:504,0
DA:505,0
DA:507,0
DA:508,0
DA:509,0
DA:512,0
DA:513,0
DA:514,0
DA:515,0
DA:529,0
DA:534,0
DA:535,0
DA:537,0
DA:540,0
DA:541,0
DA:542,0
LF:178
LH:0
BRDA:14,0,0,0
BRDA:14,0,1,0
BRDA:43,1,0,0
BRDA:43,1,1,0
BRDA:50,2,0,0
BRDA:50,2,1,0
BRDA:50,3,0,0
BRDA:50,3,1,0
BRDA:62,4,0,0
BRDA:62,4,1,0
BRDA:63,5,0,0
BRDA:63,5,1,0
BRDA:64,6,0,0
BRDA:64,6,1,0
BRDA:64,7,0,0
BRDA:64,7,1,0
BRDA:64,7,2,0
BRDA:64,7,3,0
BRDA:68,8,0,0
BRDA:68,8,1,0
BRDA:68,9,0,0
BRDA:68,9,1,0
BRDA:74,10,0,0
BRDA:74,10,1,0
BRDA:74,11,0,0
BRDA:74,11,1,0
BRDA:202,12,0,0
BRDA:202,12,1,0
BRDA:202,12,2,0
BRDA:215,13,0,0
BRDA:215,13,1,0
BRDA:215,13,2,0
BRDA:215,13,3,0
BRDA:215,13,4,0
BRDA:333,14,0,0
BRDA:333,14,1,0
BRDA:333,15,0,0
BRDA:333,15,1,0
BRDA:359,16,0,0
BRDA:359,16,1,0
BRDA:363,17,0,0
BRDA:363,17,1,0
BRDA:380,18,0,0
BRDA:380,18,1,0
BRDA:383,19,0,0
BRDA:383,19,1,0
BRDA:386,20,0,0
BRDA:386,20,1,0
BRDA:389,21,0,0
BRDA:389,21,1,0
BRDA:405,22,0,0
BRDA:405,22,1,0
BRDA:420,23,0,0
BRDA:420,23,1,0
BRDA:435,24,0,0
BRDA:435,24,1,0
BRDA:453,25,0,0
BRDA:453,25,1,0
BRDA:455,26,0,0
BRDA:455,26,1,0
BRDA:472,27,0,0
BRDA:472,27,1,0
BRDA:507,28,0,0
BRDA:507,28,1,0
BRDA:534,29,0,0
BRDA:534,29,1,0
BRDA:534,30,0,0
BRDA:534,30,1,0
BRF:68
BRH:0
end_of_record
TN:
SF:/Users/max/Github/sketch-toolkit/sketch-toolkit.sketchplugin/Contents/Sketch/test.js
FN:2,__skpm_run
FN:6,(anonymous_1)
FN:11,__webpack_require__
FN:42,(anonymous_3)
FN:49,(anonymous_4)
FN:61,(anonymous_5)
FN:68,(anonymous_6)
FN:73,(anonymous_7)
FN:75,getDefault
FN:76,getModuleExports
FN:82,(anonymous_10)
FN:99,(anonymous_11)
FN:103,(anonymous_12)
FN:104,(anonymous_13)
FN:105,(anonymous_14)
FN:106,(anonymous_15)
FN:107,(anonymous_16)
FN:108,(anonymous_17)
FN:109,(anonymous_18)
FN:110,(anonymous_19)
FN:111,(anonymous_20)
FN:112,(anonymous_21)
FN:149,newFont
FN:163,newColorWithRGBA
FN:174,getRGB_fromHEX
FN:190,newMSColor_fromHEX
FN:203,newTextStyle
FN:220,newSharedStyle_fromLayer
FN:244,newTextLayer
FN:254,newShapeGroup
FN:272,getAttribute_fromLayer
FN:332,setAttribute_forLayer
FN:435,(anonymous_32)
FN:439,(anonymous_33)
FN:440,(anonymous_34)
FN:443,on_test_new_text_layer
FN:457,on_test_new_shape_group
FN:472,(anonymous_37)
FN:483,(anonymous_38)
FNF:39
FNH:0
FNDA:0,__skpm_run
FNDA:0,(anonymous_1)
FNDA:0,__webpack_require__
FNDA:0,(anonymous_3)
FNDA:0,(anonymous_4)
FNDA:0,(anonymous_5)
FNDA:0,(anonymous_6)
FNDA:0,(anonymous_7)
FNDA:0,getDefault
FNDA:0,getModuleExports
FNDA:0,(anonymous_10)
FNDA:0,(anonymous_11)
FNDA:0,(anonymous_12)
FNDA:0,(anonymous_13)
FNDA:0,(anonymous_14)
FNDA:0,(anonymous_15)
FNDA:0,(anonymous_16)
FNDA:0,(anonymous_17)
FNDA:0,(anonymous_18)
FNDA:0,(anonymous_19)
FNDA:0,(anonymous_20)
FNDA:0,(anonymous_21)
FNDA:0,newFont
FNDA:0,newColorWithRGBA
FNDA:0,getRGB_fromHEX
FNDA:0,newMSColor_fromHEX
FNDA:0,newTextStyle
FNDA:0,newSharedStyle_fromLayer
FNDA:0,newTextLayer
FNDA:0,newShapeGroup
FNDA:0,getAttribute_fromLayer
FNDA:0,setAttribute_forLayer
FNDA:0,(anonymous_32)
FNDA:0,(anonymous_33)
FNDA:0,(anonymous_34)
FNDA:0,on_test_new_text_layer
FNDA:0,on_test_new_shape_group
FNDA:0,(anonymous_37)
FNDA:0,(anonymous_38)
DA:1,0
DA:3,0
DA:6,0
DA:8,0
DA:14,0
DA:15,0
DA:18,0
DA:25,0
DA:28,0
DA:31,0
DA:36,0
DA:39,0
DA:42,0
DA:43,0
DA:44,0
DA:49,0
DA:50,0
DA:51,0
DA:53,0
DA:61,0
DA:62,0
DA:63,0
DA:64,0
DA:65,0
DA:66,0
DA:67,0
DA:68,0
DA:69,0
DA:73,0
DA:74,0
DA:75,0
DA:76,0
DA:77,0
DA:78,0
DA:82,0
DA:85,0
DA:89,0
DA:102,0
DA:103,0
DA:104,0
DA:105,0
DA:106,0
DA:107,0
DA:108,0
DA:109,0
DA:110,0
DA:111,0
DA:112,0
DA:113,0
DA:115,0
DA:117,0
DA:119,0
DA:121,0
DA:123,0
DA:125,0
DA:127,0
DA:129,0
DA:131,0
DA:133,0
DA:134,0
DA:135,0
DA:136,0
DA:137,0
DA:138,0
DA:139,0
DA:150,0
DA:164,0
DA:175,0
DA:176,0
DA:191,0
DA:192,0
DA:204,0
DA:208,0
DA:209,0
DA:210,0
DA:221,0
DA:222,0
DA:225,0
DA:226,0
DA:228,0
DA:245,0
DA:246,0
DA:247,0
DA:248,0
DA:249,0
DA:250,0
DA:251,0
DA:252,0
DA:255,0
DA:256,0
DA:257,0
DA:258,0
DA:259,0
DA:260,0
DA:273,0
DA:275,0
DA:278,0
DA:281,0
DA:284,0
DA:287,0
DA:290,0
DA:293,0
DA:296,0
DA:299,0
DA:302,0
DA:305,0
DA:308,0
DA:309,0
DA:311,0
DA:315,0
DA:316,0
DA:318,0
DA:322,0
DA:323,0
DA:325,0
DA:328,0
DA:333,0
DA:335,0
DA:338,0
DA:341,0
DA:344,0
DA:347,0
DA:350,0
DA:352,0
DA:353,0
DA:356,0
DA:359,0
DA:360,0
DA:363,0
DA:366,0
DA:367,0
DA:370,0
DA:373,0
DA:374,0
DA:377,0
DA:380,0
DA:381,0
DA:384,0
DA:387,0
DA:388,0
DA:391,0
DA:394,0
DA:397,0
DA:400,0
DA:403,0
DA:404,0
DA:406,0
DA:409,0
DA:413,0
DA:414,0
DA:416,0
DA:420,0
DA:421,0
DA:423,0
DA:438,0
DA:439,0
DA:440,0
DA:441,0
DA:444,0
DA:445,0
DA:453,0
DA:454,0
DA:455,0
DA:458,0
DA:459,0
DA:460,0
DA:461,0
DA:462,0
DA:474,0
DA:485,0
DA:490,0
DA:491,0
DA:493,0
DA:496,0
DA:497,0
DA:498,0
LF:176
LH:0
BRDA:14,0,0,0
BRDA:14,0,1,0
BRDA:43,1,0,0
BRDA:43,1,1,0
BRDA:50,2,0,0
BRDA:50,2,1,0
BRDA:50,3,0,0
BRDA:50,3,1,0
BRDA:62,4,0,0
BRDA:62,4,1,0
BRDA:63,5,0,0
BRDA:63,5,1,0
BRDA:64,6,0,0
BRDA:64,6,1,0
BRDA:64,7,0,0
BRDA:64,7,1,0
BRDA:64,7,2,0
BRDA:64,7,3,0
BRDA:68,8,0,0
BRDA:68,8,1,0
BRDA:68,9,0,0
BRDA:68,9,1,0
BRDA:74,10,0,0
BRDA:74,10,1,0
BRDA:74,11,0,0
BRDA:74,11,1,0
BRDA:176,12,0,0
BRDA:176,12,1,0
BRDA:221,13,0,0
BRDA:221,13,1,0
BRDA:225,14,0,0
BRDA:225,14,1,0
BRDA:273,15,0,0
BRDA:273,15,1,0
BRDA:273,15,2,0
BRDA:273,15,3,0
BRDA:273,15,4,0
BRDA:273,15,5,0
BRDA:273,15,6,0
BRDA:273,15,7,0
BRDA:273,15,8,0
BRDA:273,15,9,0
BRDA:273,15,10,0
BRDA:308,16,0,0
BRDA:308,16,1,0
BRDA:309,17,0,0
BRDA:315,18,0,0
BRDA:315,18,1,0
BRDA:316,19,0,0
BRDA:322,20,0,0
BRDA:322,20,1,0
BRDA:323,21,0,0
BRDA:323,21,1,0
BRDA:333,22,0,0
BRDA:333,22,1,0
BRDA:333,22,2,0
BRDA:333,22,3,0
BRDA:333,22,4,0
BRDA:333,22,5,0
BRDA:333,22,6,0
BRDA:350,23,0,0
BRDA:350,23,1,0
BRDA:350,23,2,0
BRDA:350,23,3,0
BRDA:350,23,4,0
BRDA:350,23,5,0
BRDA:350,23,6,0
BRDA:352,24,0,0
BRDA:352,24,1,0
BRDA:359,25,0,0
BRDA:359,25,1,0
BRDA:366,26,0,0
BRDA:366,26,1,0
BRDA:373,27,0,0
BRDA:373,27,1,0
BRDA:380,28,0,0
BRDA:380,28,1,0
BRDA:387,29,0,0
BRDA:387,29,1,0
BRDA:403,30,0,0
BRDA:403,30,1,0
BRDA:404,31,0,0
BRDA:404,31,1,0
BRDA:413,32,0,0
BRDA:413,32,1,0
BRDA:414,33,0,0
BRDA:420,34,0,0
BRDA:420,34,1,0
BRDA:421,35,0,0
BRDA:490,36,0,0
BRDA:490,36,1,0
BRDA:490,37,0,0
BRDA:490,37,1,0
BRF:93
BRH:0
end_of_record
TN:
SF:/Users/max/Github/sketch-toolkit/sketch-toolkit.sketchplugin/Contents/Sketch/typography_scale.js
FN:2,__skpm_run
FN:6,(anonymous_1)
FN:11,__webpack_require__
FN:42,(anonymous_3)
FN:49,(anonymous_4)
FN:61,(anonymous_5)
FN:68,(anonymous_6)
FN:73,(anonymous_7)
FN:75,getDefault
FN:76,getModuleExports
FN:82,(anonymous_10)
FN:99,(anonymous_11)
FN:103,(anonymous_12)
FN:104,(anonymous_13)
FN:105,(anonymous_14)
FN:106,(anonymous_15)
FN:107,(anonymous_16)
FN:108,(anonymous_17)
FN:109,(anonymous_18)
FN:110,(anonymous_19)
FN:111,(anonymous_20)
FN:112,(anonymous_21)
FN:113,(anonymous_22)
FN:114,(anonymous_23)
FN:115,(anonymous_24)
FN:116,(anonymous_25)
FN:117,(anonymous_26)
FN:118,(anonymous_27)
FN:119,(anonymous_28)
FN:120,(anonymous_29)
FN:121,(anonymous_30)
FN:122,(anonymous_31)
FN:123,(anonymous_32)
FN:124,(anonymous_33)
FN:157,getLayer_byName
FN:167,getLayers_byName
FN:179,getTextSharedStyle_byName
FN:183,getTextSharedStyle_byID
FN:186,getSharedStyle_byID
FN:199,getObjectBy
FN:240,getSharedStyle_byName
FN:260,addTextLayer
FN:282,getHex_fromMSColor
FN:291,getHex_fromLayer
FN:303,luminance
FN:315,contrast
FN:328,colorTone
FN:347,getColor_fromLayer
FN:358,addSharedStyle_fromStyle
FN:377,updateSharedStyle_fromLayer
FN:404,isLayerExist
FN:419,isSharedTextStyleExist
FN:434,hasSharedStyle
FN:449,getAllShapeLayers
FN:452,(anonymous_54)
FN:469,autoTextColor
FN:485,selectLayer
FN:496,(anonymous_57)
FN:500,(anonymous_58)
FN:544,background
FN:567,on_typography_scale
FN:622,(anonymous_61)
FN:626,(anonymous_62)
FN:627,(anonymous_63)
FN:628,(anonymous_64)
FN:629,(anonymous_65)
FN:630,(anonymous_66)
FN:631,(anonymous_67)
FN:632,(anonymous_68)
FN:633,(anonymous_69)
FN:634,(anonymous_70)
FN:635,(anonymous_71)
FN:672,newFont
FN:686,newColorWithRGBA
FN:697,getRGB_fromHEX
FN:713,newMSColor_fromHEX
FN:726,newTextStyle
FN:743,newSharedStyle_fromLayer
FN:767,newTextLayer
FN:777,newShapeGroup
FN:795,getAttribute_fromLayer
FN:855,setAttribute_forLayer
FN:958,(anonymous_82)
FN:969,(anonymous_83)
FNF:84
FNH:0
FNDA:0,__skpm_run
FNDA:0,(anonymous_1)
FNDA:0,__webpack_require__
FNDA:0,(anonymous_3)
FNDA:0,(anonymous_4)
FNDA:0,(anonymous_5)
FNDA:0,(anonymous_6)
FNDA:0,(anonymous_7)
FNDA:0,getDefault
FNDA:0,getModuleExports
FNDA:0,(anonymous_10)
FNDA:0,(anonymous_11)
FNDA:0,(anonymous_12)
FNDA:0,(anonymous_13)
FNDA:0,(anonymous_14)
FNDA:0,(anonymous_15)
FNDA:0,(anonymous_16)
FNDA:0,(anonymous_17)
FNDA:0,(anonymous_18)
FNDA:0,(anonymous_19)
FNDA:0,(anonymous_20)
FNDA:0,(anonymous_21)
FNDA:0,(anonymous_22)
FNDA:0,(anonymous_23)
FNDA:0,(anonymous_24)
FNDA:0,(anonymous_25)
FNDA:0,(anonymous_26)
FNDA:0,(anonymous_27)
FNDA:0,(anonymous_28)
FNDA:0,(anonymous_29)
FNDA:0,(anonymous_30)
FNDA:0,(anonymous_31)
FNDA:0,(anonymous_32)
FNDA:0,(anonymous_33)
FNDA:0,getLayer_byName
FNDA:0,getLayers_byName
FNDA:0,getTextSharedStyle_byName
FNDA:0,getTextSharedStyle_byID
FNDA:0,getSharedStyle_byID
FNDA:0,getObjectBy
FNDA:0,getSharedStyle_byName
FNDA:0,addTextLayer
FNDA:0,getHex_fromMSColor
FNDA:0,getHex_fromLayer
FNDA:0,luminance
FNDA:0,contrast
FNDA:0,colorTone
FNDA:0,getColor_fromLayer
FNDA:0,addSharedStyle_fromStyle
FNDA:0,updateSharedStyle_fromLayer
FNDA:0,isLayerExist
FNDA:0,isSharedTextStyleExist
FNDA:0,hasSharedStyle
FNDA:0,getAllShapeLayers
FNDA:0,(anonymous_54)
FNDA:0,autoTextColor
FNDA:0,selectLayer
FNDA:0,(anonymous_57)
FNDA:0,(anonymous_58)
FNDA:0,background
FNDA:0,on_typography_scale
FNDA:0,(anonymous_61)
FNDA:0,(anonymous_62)
FNDA:0,(anonymous_63)
FNDA:0,(anonymous_64)
FNDA:0,(anonymous_65)
FNDA:0,(anonymous_66)
FNDA:0,(anonymous_67)
FNDA:0,(anonymous_68)
FNDA:0,(anonymous_69)
FNDA:0,(anonymous_70)
FNDA:0,(anonymous_71)
FNDA:0,newFont
FNDA:0,newColorWithRGBA
FNDA:0,getRGB_fromHEX
FNDA:0,newMSColor_fromHEX
FNDA:0,newTextStyle
FNDA:0,newSharedStyle_fromLayer
FNDA:0,newTextLayer
FNDA:0,newShapeGroup
FNDA:0,getAttribute_fromLayer
FNDA:0,setAttribute_forLayer
FNDA:0,(anonymous_82)
FNDA:0,(anonymous_83)
DA:1,0
DA:3,0
DA:6,0
DA:8,0
DA:14,0
DA:15,0
DA:18,0
DA:25,0
DA:28,0
DA:31,0
DA:36,0
DA:39,0
DA:42,0
DA:43,0
DA:44,0
DA:49,0
DA:50,0
DA:51,0
DA:53,0
DA:61,0
DA:62,0
DA:63,0
DA:64,0
DA:65,0
DA:66,0
DA:67,0
DA:68,0
DA:69,0
DA:73,0
DA:74,0
DA:75,0
DA:76,0
DA:77,0
DA:78,0
DA:82,0
DA:85,0
DA:89,0
DA:102,0
DA:103,0
DA:104,0
DA:105,0
DA:106,0
DA:107,0
DA:108,0
DA:109,0
DA:110,0
DA:111,0
DA:112,0
DA:113,0
DA:114,0
DA:115,0
DA:116,0
DA:117,0
DA:118,0
DA:119,0
DA:120,0
DA:121,0
DA:122,0
DA:123,0
DA:124,0
DA:125,0
DA:127,0
DA:129,0
DA:131,0
DA:133,0
DA:135,0
DA:137,0
DA:139,0
DA:141,0
DA:143,0
DA:144,0
DA:145,0
DA:146,0
DA:147,0
DA:148,0
DA:149,0
DA:150,0
DA:158,0
DA:159,0
DA:168,0
DA:169,0
DA:180,0
DA:181,0
DA:184,0
DA:187,0
DA:202,0
DA:204,0
DA:205,0
DA:208,0
DA:209,0
DA:212,0
DA:215,0
DA:217,0
DA:220,0
DA:223,0
DA:226,0
DA:229,0
DA:241,0
DA:242,0
DA:261,0
DA:266,0
DA:267,0
DA:268,0
DA:269,0
DA:270,0
DA:271,0
DA:272,0
DA:273,0
DA:274,0
DA:283,0
DA:292,0
DA:304,0
DA:316,0
DA:317,0
DA:318,0
DA:329,0
DA:330,0
DA:331,0
DA:333,0
DA:334,0
DA:336,0
DA:348,0
DA:359,0
DA:360,0
DA:363,0
DA:364,0
DA:366,0
DA:378,0
DA:380,0
DA:381,0
DA:383,0
DA:384,0
DA:386,0
DA:387,0
DA:389,0
DA:390,0
DA:393,0
DA:405,0
DA:406,0
DA:408,0
DA:420,0
DA:421,0
DA:423,0
DA:435,0
DA:436,0
DA:438,0
DA:450,0
DA:451,0
DA:452,0
DA:453,0
DA:454,0
DA:455,0
DA:456,0
DA:459,0
DA:470,0
DA:472,0
DA:473,0
DA:476,0
DA:486,0
DA:499,0
DA:500,0
DA:501,0
DA:502,0
DA:506,0
DA:508,0
DA:510,0
DA:512,0
DA:530,0
DA:542,0
DA:545,0
DA:556,0
DA:557,0
DA:558,0
DA:559,0
DA:560,0
DA:561,0
DA:562,0
DA:565,0
DA:566,0
DA:568,0
DA:569,0
DA:570,0
DA:572,0
DA:573,0
DA:574,0
DA:575,0
DA:576,0
DA:577,0
DA:578,0
DA:591,0
DA:592,0
DA:594,0
DA:595,0
DA:598,0
DA:599,0
DA:600,0
DA:603,0
DA:607,0
DA:608,0
DA:612,0
DA:625,0
DA:626,0
DA:627,0
DA:628,0
DA:629,0
DA:630,0
DA:631,0
DA:632,0
DA:633,0
DA:634,0
DA:635,0
DA:636,0
DA:638,0
DA:640,0
DA:642,0
DA:644,0
DA:646,0
DA:648,0
DA:650,0
DA:652,0
DA:654,0
DA:656,0
DA:657,0
DA:658,0
DA:659,0
DA:660,0
DA:661,0
DA:662,0
DA:673,0
DA:687,0
DA:698,0
DA:699,0
DA:714,0
DA:715,0
DA:727,0
DA:731,0
DA:732,0
DA:733,0
DA:744,0
DA:745,0
DA:748,0
DA:749,0
DA:751,0
DA:768,0
DA:769,0
DA:770,0
DA:771,0
DA:772,0
DA:773,0
DA:774,0
DA:775,0
DA:778,0
DA:779,0
DA:780,0
DA:781,0
DA:782,0
DA:783,0
DA:796,0
DA:798,0
DA:801,0
DA:804,0
DA:807,0
DA:810,0
DA:813,0
DA:816,0
DA:819,0
DA:822,0
DA:825,0
DA:828,0
DA:831,0
DA:832,0
DA:834,0
DA:838,0
DA:839,0
DA:841,0
DA:845,0
DA:846,0
DA:848,0
DA:851,0
DA:856,0
DA:858,0
DA:861,0
DA:864,0
DA:867,0
DA:870,0
DA:873,0
DA:875,0
DA:876,0
DA:879,0
DA:882,0
DA:883,0
DA:886,0
DA:889,0
DA:890,0
DA:893,0
DA:896,0
DA:897,0
DA:900,0
DA:903,0
DA:904,0
DA:907,0
DA:910,0
DA:911,0
DA:914,0
DA:917,0
DA:920,0
DA:923,0
DA:926,0
DA:927,0
DA:929,0
DA:932,0
DA:936,0
DA:937,0
DA:939,0
DA:943,0
DA:944,0
DA:946,0
DA:960,0
DA:971,0
DA:976,0
DA:977,0
DA:979,0
DA:982,0
DA:983,0
LF:324
LH:0
BRDA:14,0,0,0
BRDA:14,0,1,0
BRDA:43,1,0,0
BRDA:43,1,1,0
BRDA:50,2,0,0
BRDA:50,2,1,0
BRDA:50,3,0,0
BRDA:50,3,1,0
BRDA:62,4,0,0
BRDA:62,4,1,0
BRDA:63,5,0,0
BRDA:63,5,1,0
BRDA:64,6,0,0
BRDA:64,6,1,0
BRDA:64,7,0,0
BRDA:64,7,1,0
BRDA:64,7,2,0
BRDA:64,7,3,0
BRDA:68,8,0,0
BRDA:68,8,1,0
BRDA:68,9,0,0
BRDA:68,9,1,0
BRDA:74,10,0,0
BRDA:74,10,1,0
BRDA:74,11,0,0
BRDA:74,11,1,0
BRDA:202,12,0,0
BRDA:202,12,1,0
BRDA:202,12,2,0
BRDA:215,13,0,0
BRDA:215,13,1,0
BRDA:215,13,2,0
BRDA:215,13,3,0
BRDA:215,13,4,0
BRDA:333,14,0,0
BRDA:333,14,1,0
BRDA:333,15,0,0
BRDA:333,15,1,0
BRDA:359,16,0,0
BRDA:359,16,1,0
BRDA:363,17,0,0
BRDA:363,17,1,0
BRDA:380,18,0,0
BRDA:380,18,1,0
BRDA:383,19,0,0
BRDA:383,19,1,0
BRDA:386,20,0,0
BRDA:386,20,1,0
BRDA:389,21,0,0
BRDA:389,21,1,0
BRDA:405,22,0,0
BRDA:405,22,1,0
BRDA:420,23,0,0
BRDA:420,23,1,0
BRDA:435,24,0,0
BRDA:435,24,1,0
BRDA:453,25,0,0
BRDA:453,25,1,0
BRDA:455,26,0,0
BRDA:455,26,1,0
BRDA:472,27,0,0
BRDA:472,27,1,0
BRDA:591,28,0,0
BRDA:591,28,1,0
BRDA:594,29,0,0
BRDA:594,29,1,0
BRDA:594,30,0,0
BRDA:594,30,1,0
BRDA:699,31,0,0
BRDA:699,31,1,0
BRDA:744,32,0,0
BRDA:744,32,1,0
BRDA:748,33,0,0
BRDA:748,33,1,0
BRDA:796,34,0,0
BRDA:796,34,1,0
BRDA:796,34,2,0
BRDA:796,34,3,0
BRDA:796,34,4,0
BRDA:796,34,5,0
BRDA:796,34,6,0
BRDA:796,34,7,0
BRDA:796,34,8,0
BRDA:796,34,9,0
BRDA:796,34,10,0
BRDA:831,35,0,0
BRDA:831,35,1,0
BRDA:832,36,0,0
BRDA:838,37,0,0
BRDA:838,37,1,0
BRDA:839,38,0,0
BRDA:845,39,0,0
BRDA:845,39,1,0
BRDA:846,40,0,0
BRDA:846,40,1,0
BRDA:856,41,0,0
BRDA:856,41,1,0
BRDA:856,41,2,0
BRDA:856,41,3,0
BRDA:856,41,4,0
BRDA:856,41,5,0
BRDA:856,41,6,0
BRDA:873,42,0,0
BRDA:873,42,1,0
BRDA:873,42,2,0
BRDA:873,42,3,0
BRDA:873,42,4,0
BRDA:873,42,5,0
BRDA:873,42,6,0
BRDA:875,43,0,0
BRDA:875,43,1,0
BRDA:882,44,0,0
BRDA:882,44,1,0
BRDA:889,45,0,0
BRDA:889,45,1,0
BRDA:896,46,0,0
BRDA:896,46,1,0
BRDA:903,47,0,0
BRDA:903,47,1,0
BRDA:910,48,0,0
BRDA:910,48,1,0
BRDA:926,49,0,0
BRDA:926,49,1,0
BRDA:927,50,0,0
BRDA:927,50,1,0
BRDA:936,51,0,0
BRDA:936,51,1,0
BRDA:937,52,0,0
BRDA:943,53,0,0
BRDA:943,53,1,0
BRDA:944,54,0,0
BRDA:976,55,0,0
BRDA:976,55,1,0
BRDA:976,56,0,0
BRDA:976,56,1,0
BRF:135
BRH:0
end_of_record
TN:
SF:/Users/max/Github/sketch-toolkit/src/functions.js
FN:27,getLayer_byName
FN:37,getLayers_byName
FN:49,getTextSharedStyle_byName
FN:54,getTextSharedStyle_byID
FN:58,getSharedStyle_byID
FN:71,getObjectBy
FN:104,getSharedStyle_byName
FN:124,addTextLayer
FN:149,getHex_fromMSColor
FN:159,getHex_fromLayer
FN:173,luminance
FN:186,contrast
FN:200,colorTone
FN:221,getColor_fromLayer
FN:233,addSharedStyle_fromStyle
FN:252,updateSharedStyle_fromLayer
FN:277,isLayerExist
FN:293,isSharedTextStyleExist
FN:308,hasSharedStyle
FN:324,getAllShapeLayers
FN:327,(anonymous_20)
FN:345,autoTextColor
FN:360,selectLayer
FNF:23
FNH:0
FNDA:0,getLayer_byName
FNDA:0,getLayers_byName
FNDA:0,getTextSharedStyle_byName
FNDA:0,getTextSharedStyle_byID
FNDA:0,getSharedStyle_byID
FNDA:0,getObjectBy
FNDA:0,getSharedStyle_byName
FNDA:0,addTextLayer
FNDA:0,getHex_fromMSColor
FNDA:0,getHex_fromLayer
FNDA:0,luminance
FNDA:0,contrast
FNDA:0,colorTone
FNDA:0,getColor_fromLayer
FNDA:0,addSharedStyle_fromStyle
FNDA:0,updateSharedStyle_fromLayer
FNDA:0,isLayerExist
FNDA:0,isSharedTextStyleExist
FNDA:0,hasSharedStyle
FNDA:0,getAllShapeLayers
FNDA:0,(anonymous_20)
FNDA:0,autoTextColor
FNDA:0,selectLayer
DA:1,0
DA:2,0
DA:3,0
DA:4,0
DA:5,0
DA:6,0
DA:7,0
DA:8,0
DA:10,0
DA:11,0
DA:12,0
DA:13,0
DA:14,0
DA:15,0
DA:16,0
DA:18,0
DA:19,0
DA:28,0
DA:29,0
DA:38,0
DA:39,0
DA:50,0
DA:51,0
DA:55,0
DA:59,0
DA:73,0
DA:75,0
DA:76,0
DA:78,0
DA:79,0
DA:81,0
DA:83,0
DA:85,0
DA:87,0
DA:89,0
DA:91,0
DA:93,0
DA:105,0
DA:106,0
DA:125,0
DA:131,0
DA:132,0
DA:133,0
DA:134,0
DA:135,0
DA:136,0
DA:137,0
DA:138,0
DA:140,0
DA:150,0
DA:160,0
DA:174,0
DA:187,0
DA:188,0
DA:189,0
DA:201,0
DA:203,0
DA:204,0
DA:206,0
DA:207,0
DA:209,0
DA:222,0
DA:234,0
DA:235,0
DA:237,0
DA:238,0
DA:240,0
DA:253,0
DA:254,0
DA:255,0
DA:256,0
DA:257,0
DA:259,0
DA:260,0
DA:261,0
DA:262,0
DA:265,0
DA:278,0
DA:279,0
DA:281,0
DA:294,0
DA:295,0
DA:297,0
DA:309,0
DA:310,0
DA:312,0
DA:325,0
DA:326,0
DA:327,0
DA:328,0
DA:329,0
DA:330,0
DA:331,0
DA:334,0
DA:346,0
DA:347,0
DA:348,0
DA:350,0
DA:361,0
LF:99
LH:0
BRDA:73,0,0,0
BRDA:73,0,1,0
BRDA:73,0,2,0
BRDA:83,1,0,0
BRDA:83,1,1,0
BRDA:83,1,2,0
BRDA:83,1,3,0
BRDA:83,1,4,0
BRDA:206,2,0,0
BRDA:206,2,1,0
BRDA:206,3,0,0
BRDA:206,3,1,0
BRDA:234,4,0,0
BRDA:234,4,1,0
BRDA:237,5,0,0
BRDA:237,5,1,0
BRDA:254,6,0,0
BRDA:254,6,1,0
BRDA:256,7,0,0
BRDA:256,7,1,0
BRDA:259,8,0,0
BRDA:259,8,1,0
BRDA:261,9,0,0
BRDA:261,9,1,0
BRDA:278,10,0,0
BRDA:278,10,1,0
BRDA:294,11,0,0
BRDA:294,11,1,0
BRDA:309,12,0,0
BRDA:309,12,1,0
BRDA:328,13,0,0
BRDA:328,13,1,0
BRDA:330,14,0,0
BRDA:330,14,1,0
BRDA:347,15,0,0
BRDA:347,15,1,0
BRF:36
BRH:0
end_of_record
TN:
SF:/Users/max/Github/sketch-toolkit/src/layerName.js
FN:4,set_layer_index_name
FN:11,(anonymous_1)
FNF:2
FNH:0
FNDA:0,set_layer_index_name
FNDA:0,(anonymous_1)
DA:5,0
DA:6,0
DA:7,0
DA:8,0
DA:9,0
DA:11,0
DA:12,0
DA:14,0
DA:15,0
DA:17,0
DA:20,0
LF:11
LH:0
BRDA:7,0,0,0
BRDA:7,0,1,0
BRDA:14,1,0,0
BRDA:14,1,1,0
BRF:4
BRH:0
end_of_record
TN:
SF:/Users/max/Github/sketch-toolkit/src/mocha.js
FN:1,(anonymous_0)
FN:1,r
FN:1,o
FN:1,(anonymous_3)
FN:1,(anonymous_4)
FN:2,(anonymous_5)
FN:43,(anonymous_6)
FN:48,(anonymous_7)
FN:61,(anonymous_8)
FN:63,(anonymous_9)
FN:79,timeslice
FN:95,(anonymous_11)
FN:107,(anonymous_12)
FN:108,(anonymous_13)
FN:119,(anonymous_14)
FN:129,(anonymous_15)
FN:145,(anonymous_16)
FN:160,(anonymous_17)
FN:196,(anonymous_18)
FN:203,(anonymous_19)
FN:215,Progress
FN:229,(anonymous_21)
FN:241,(anonymous_22)
FN:253,(anonymous_23)
FN:264,(anonymous_24)
FN:275,(anonymous_25)
FN:286,(anonymous_26)
FN:324,(anonymous_27)
FN:325,(anonymous_28)
FN:328,isatty
FN:332,getWindowSize
FN:341,(anonymous_31)
FN:357,Context
FN:366,(anonymous_33)
FN:381,(anonymous_34)
FN:396,(anonymous_35)
FN:411,(anonymous_36)
FN:425,(anonymous_37)
FN:436,(anonymous_38)
FN:444,(anonymous_39)
FN:464,Hook
FN:482,(anonymous_41)
FN:492,(anonymous_42)
FN:514,bddInterface
FN:517,(anonymous_44)
FN:531,(anonymous_45)
FN:543,(anonymous_46)
FN:558,(anonymous_47)
FN:572,(anonymous_48)
FN:587,(anonymous_49)
FN:595,(anonymous_50)
FN:602,(anonymous_51)
FN:608,(anonymous_52)
FN:621,(anonymous_53)
FN:630,runWithSuite
FN:631,run
FN:642,(anonymous_56)
FN:652,(anonymous_57)
FN:662,(anonymous_58)
FN:672,(anonymous_59)
FN:684,only
FN:696,skip
FN:711,create
FN:744,(anonymous_63)
FN:754,(anonymous_64)
FN:763,(anonymous_65)
FN:770,(anonymous_66)
FN:792,(anonymous_67)
FN:797,visit
FN:830,(anonymous_69)
FN:838,(anonymous_70)
FN:868,qUnitInterface
FN:871,(anonymous_72)
FN:883,(anonymous_73)
FN:898,(anonymous_74)
FN:915,(anonymous_75)
FN:926,(anonymous_76)
FN:935,(anonymous_77)
FN:965,(anonymous_78)
FN:968,(anonymous_79)
FN:981,(anonymous_80)
FN:992,(anonymous_81)
FN:1003,(anonymous_82)
FN:1015,(anonymous_83)
FN:1030,(anonymous_84)
FN:1039,(anonymous_85)
FN:1040,(anonymous_86)
FN:1100,image
FN:1123,Mocha
FN:1159,(anonymous_89)
FN:1174,(anonymous_90)
FN:1189,(anonymous_91)
FN:1247,(anonymous_92)
FN:1259,(anonymous_93)
FN:1284,(anonymous_94)
FN:1287,(anonymous_95)
FN:1301,(anonymous_96)
FN:1304,(anonymous_97)
FN:1327,(anonymous_98)
FN:1341,(anonymous_99)
FN:1358,(anonymous_100)
FN:1373,(anonymous_101)
FN:1385,(anonymous_102)
FN:1397,(anonymous_103)
FN:1409,(anonymous_104)
FN:1424,(anonymous_105)
FN:1439,(anonymous_106)
FN:1456,(anonymous_107)
FN:1471,(anonymous_108)
FN:1486,(anonymous_109)
FN:1499,(anonymous_110)
FN:1514,(anonymous_111)
FN:1529,(anonymous_112)
FN:1543,(anonymous_113)
FN:1554,(anonymous_114)
FN:1566,(anonymous_115)
FN:1575,delay
FN:1584,(anonymous_117)
FN:1593,(anonymous_118)
FN:1614,(anonymous_119)
FN:1644,done
FN:1656,(anonymous_121)
FN:1680,(anonymous_122)
FN:1694,parse
FN:1738,format
FN:1754,(anonymous_125)
FN:1764,Pending
FN:1768,(anonymous_127)
FN:1769,(anonymous_128)
FN:1879,(anonymous_129)
FN:1905,(anonymous_130)
FN:1909,(anonymous_131)
FN:1913,(anonymous_132)
FN:1917,(anonymous_133)
FN:1921,(anonymous_134)
FN:1931,showDiff
FN:1940,stringifyDiffObjs
FN:1957,(anonymous_137)
FN:1973,(anonymous_138)
FN:1975,(anonymous_139)
FN:2025,(anonymous_140)
FN:2054,Base
FN:2071,(anonymous_142)
FN:2075,(anonymous_143)
FN:2080,(anonymous_144)
FN:2085,(anonymous_145)
FN:2099,(anonymous_146)
FN:2109,(anonymous_147)
FN:2114,(anonymous_148)
FN:2127,(anonymous_149)
FN:2169,pad
FN:2182,inlineDiff
FN:2190,(anonymous_152)
FN:2219,unifiedDiff
FN:2221,cleanUp
FN:2236,notBlank
FN:2262,errorDiff
FN:2265,(anonymous_157)
FN:2285,colorLines
FN:2288,(anonymous_159)
FN:2307,sameType
FN:2312,(anonymous_161)
FN:2340,Doc
FN:2345,indent
FN:2349,(anonymous_164)
FN:2360,(anonymous_165)
FN:2370,(anonymous_166)
FN:2376,(anonymous_167)
FN:2392,(anonymous_168)
FN:2393,(anonymous_169)
FN:2422,Dot
FN:2429,(anonymous_171)
FN:2433,(anonymous_172)
FN:2440,(anonymous_173)
FN:2451,(anonymous_174)
FN:2458,(anonymous_175)
FN:2470,(anonymous_176)
FN:2471,(anonymous_177)
FN:2530,HTML
FN:2565,(anonymous_179)
FN:2576,(anonymous_180)
FN:2593,(anonymous_181)
FN:2612,(anonymous_182)
FN:2620,(anonymous_183)
FN:2633,(anonymous_184)
FN:2689,(anonymous_185)
FN:2698,appendToStack
FN:2705,updateStats
FN:2726,makeUrl
FN:2747,(anonymous_189)
FN:2756,(anonymous_190)
FN:2766,(anonymous_191)
FN:2769,(anonymous_192)
FN:2783,error
FN:2792,fragment
FN:2797,(anonymous_195)
FN:2816,hideSuitesWithout
FN:2829,unhide
FN:2842,text
FN:2853,on
FN:2862,(anonymous_200)
FN:2883,(anonymous_201)
FN:2884,(anonymous_202)
FN:2912,List
FN:2918,(anonymous_204)
FN:2922,(anonymous_205)
FN:2926,(anonymous_206)
FN:2933,(anonymous_207)
FN:2946,clean
FN:2956,(anonymous_209)
FN:2957,(anonymous_210)
FN:2984,JSONReporter
FN:2993,(anonymous_212)
FN:2997,(anonymous_213)
FN:3001,(anonymous_214)
FN:3005,(anonymous_215)
FN:3009,(anonymous_216)
FN:3032,clean
FN:3054,cleanCycles
FN:3057,(anonymous_219)
FN:3078,errorJSON
FN:3080,(anonymous_221)
FN:3087,(anonymous_222)
FN:3088,(anonymous_223)
FN:3136,Landing
FN:3147,runway
FN:3152,(anonymous_226)
FN:3157,(anonymous_227)
FN:3178,(anonymous_228)
FN:3191,(anonymous_229)
FN:3192,(anonymous_230)
FN:3222,List
FN:3228,(anonymous_232)
FN:3232,(anonymous_233)
FN:3236,(anonymous_234)
FN:3241,(anonymous_235)
FN:3250,(anonymous_236)
FN:3264,(anonymous_237)
FN:3265,(anonymous_238)
FN:3299,Markdown
FN:3305,title
FN:3309,mapTOC
FN:3314,(anonymous_242)
FN:3321,stringifyTOC
FN:3339,generateTOC
FN:3346,(anonymous_245)
FN:3353,(anonymous_246)
FN:3357,(anonymous_247)
FN:3365,(anonymous_248)
FN:3373,(anonymous_249)
FN:3374,(anonymous_250)
FN:3402,Min
FN:3405,(anonymous_252)
FN:3421,(anonymous_253)
FN:3422,(anonymous_254)
FN:3451,NyanCat
FN:3466,(anonymous_256)
FN:3471,(anonymous_257)
FN:3475,(anonymous_258)
FN:3479,(anonymous_259)
FN:3483,(anonymous_260)
FN:3503,(anonymous_261)
FN:3518,(anonymous_262)
FN:3521,draw
FN:3541,(anonymous_264)
FN:3560,(anonymous_265)
FN:3563,(anonymous_266)
FN:3577,(anonymous_267)
FN:3613,(anonymous_268)
FN:3632,(anonymous_269)
FN:3643,(anonymous_270)
FN:3653,(anonymous_271)
FN:3675,(anonymous_272)
FN:3689,write
FN:3694,(anonymous_274)
FN:3695,(anonymous_275)
FN:3732,Progress
FN:3752,(anonymous_277)
FN:3758,(anonymous_278)
FN:3784,(anonymous_279)
FN:3797,(anonymous_280)
FN:3826,Spec
FN:3833,indent
FN:3837,(anonymous_283)
FN:3841,(anonymous_284)
FN:3846,(anonymous_285)
FN:3853,(anonymous_286)
FN:3858,(anonymous_287)
FN:3876,(anonymous_288)
FN:3888,(anonymous_289)
FN:3915,TAP
FN:3922,(anonymous_291)
FN:3927,(anonymous_292)
FN:3931,(anonymous_293)
FN:3935,(anonymous_294)
FN:3940,(anonymous_295)
FN:3948,(anonymous_296)
FN:3962,title
FN:3966,(anonymous_298)
FN:3967,(anonymous_299)
FN:4012,XUnit
FN:4042,(anonymous_301)
FN:4046,(anonymous_302)
FN:4050,(anonymous_303)
FN:4054,(anonymous_304)
FN:4071,(anonymous_305)
FN:4090,(anonymous_306)
FN:4092,(anonymous_307)
FN:4105,(anonymous_308)
FN:4120,(anonymous_309)
FN:4158,tag
FN:4177,(anonymous_311)
FN:4178,(anonymous_312)
FN:4210,Runnable
FN:4237,(anonymous_314)
FN:4263,(anonymous_315)
FN:4282,(anonymous_316)
FN:4298,(anonymous_317)
FN:4307,(anonymous_318)
FN:4316,(anonymous_319)
FN:4325,(anonymous_320)
FN:4334,(anonymous_321)
FN:4346,(anonymous_322)
FN:4362,(anonymous_323)
FN:4374,(anonymous_324)
FN:4383,(anonymous_325)
FN:4393,(anonymous_326)
FN:4396,(anonymous_327)
FN:4417,(anonymous_328)
FN:4425,(anonymous_329)
FN:4440,(anonymous_330)
FN:4453,(anonymous_331)
FN:4466,multiple
FN:4481,done
FN:4508,asyncSkip
FN:4549,callFn
FN:4554,(anonymous_336)
FN:4560,(anonymous_337)
FN:4577,callFnAsync
FN:4578,(anonymous_339)
FN:4610,(anonymous_340)
FN:4622,(anonymous_341)
FN:4623,(anonymous_342)
FN:4689,Runner
FN:4698,(anonymous_344)
FN:4701,(anonymous_345)
FN:4733,(anonymous_346)
FN:4751,(anonymous_347)
FN:4755,(anonymous_348)
FN:4774,(anonymous_349)
FN:4797,(anonymous_350)
FN:4811,(anonymous_351)
FN:4849,(anonymous_352)
FN:4900,(anonymous_353)
FN:4918,(anonymous_354)
FN:4923,next
FN:4935,(anonymous_356)
FN:4940,(anonymous_357)
FN:4950,(anonymous_358)
FN:4969,(anonymous_359)
FN:4983,(anonymous_360)
FN:4987,next
FN:4995,(anonymous_362)
FN:5016,(anonymous_363)
FN:5028,(anonymous_364)
FN:5040,(anonymous_365)
FN:5056,(anonymous_366)
FN:5070,(anonymous_367)
FN:5091,(anonymous_368)
FN:5096,hookErr
FN:5106,(anonymous_370)
FN:5122,next
FN:5180,(anonymous_372)
FN:5196,(anonymous_373)
FN:5238,alwaysFalse
FN:5249,(anonymous_375)
FN:5263,next
FN:5289,(anonymous_377)
FN:5297,done
FN:5311,(anonymous_379)
FN:5320,(anonymous_380)
FN:5334,(anonymous_381)
FN:5339,(anonymous_382)
FN:5417,cleanSuiteReferences
FN:5418,cleanArrReferences
FN:5455,(anonymous_385)
FN:5459,(anonymous_386)
FN:5461,uncaught
FN:5465,start
FN:5472,(anonymous_389)
FN:5484,(anonymous_390)
FN:5513,(anonymous_391)
FN:5527,filterOnly
FN:5535,(anonymous_393)
FN:5543,(anonymous_394)
FN:5560,hasOnly
FN:5576,filterLeaks
FN:5577,(anonymous_397)
FN:5601,(anonymous_398)
FN:5617,extraGlobals
FN:5620,(anonymous_400)
FN:5635,(anonymous_401)
FN:5669,(anonymous_402)
FN:5686,Suite
FN:5695,Context
FN:5727,(anonymous_405)
FN:5746,(anonymous_406)
FN:5768,(anonymous_407)
FN:5784,(anonymous_408)
FN:5800,(anonymous_409)
FN:5819,(anonymous_410)
FN:5833,(anonymous_411)
FN:5844,(anonymous_412)
FN:5864,(anonymous_413)
FN:5888,(anonymous_414)
FN:5912,(anonymous_415)
FN:5936,(anonymous_416)
FN:5959,(anonymous_417)
FN:5978,(anonymous_418)
FN:5999,(anonymous_419)
FN:6012,(anonymous_420)
FN:6031,(anonymous_421)
FN:6033,(anonymous_422)
FN:6047,(anonymous_423)
FN:6049,(anonymous_424)
FN:6058,run
FN:6064,(anonymous_426)
FN:6080,Test
FN:6098,(anonymous_428)
FN:6112,(anonymous_429)
FN:6113,(anonymous_430)
FN:6146,(anonymous_431)
FN:6157,(anonymous_432)
FN:6169,(anonymous_433)
FN:6171,(anonymous_434)
FN:6173,(anonymous_435)
FN:6188,ignored
FN:6201,(anonymous_437)
FN:6210,(anonymous_438)
FN:6229,(anonymous_439)
FN:6242,(anonymous_440)
FN:6271,(anonymous_441)
FN:6275,(anonymous_442)
FN:6294,highlight
FN:6318,(anonymous_444)
FN:6339,emptyRepresentation
FN:6373,type
FN:6402,(anonymous_447)
FN:6418,(anonymous_448)
FN:6449,jsonStringify
FN:6464,repeat
FN:6468,_stringify
FN:6545,canonicalize
FN:6551,withStack
FN:6570,(anonymous_454)
FN:6571,(anonymous_455)
FN:6590,(anonymous_456)
FN:6593,(anonymous_457)
FN:6623,lookupFiles
FN:6648,(anonymous_459)
FN:6683,(anonymous_460)
FN:6696,(anonymous_461)
FN:6709,(anonymous_462)
FN:6724,isMochaInternal
FN:6733,isNodeInternal
FN:6744,(anonymous_465)
FN:6747,(anonymous_466)
FN:6775,isPromise
FN:6783,(anonymous_468)
FN:6786,(anonymous_469)
FN:6808,getLens
FN:6828,byteLength
FN:6835,_byteLength
FN:6839,toByteArray
FN:6884,tripletToBase64
FN:6891,encodeChunk
FN:6904,fromByteArray
FN:6939,(anonymous_477)
FN:6941,(anonymous_478)
FN:6942,(anonymous_479)
FN:6951,BrowserStdout
FN:6959,(anonymous_481)
FN:6970,(anonymous_482)
FN:6972,(anonymous_483)
FN:7017,typedArraySupport
FN:7021,(anonymous_485)
FN:7029,(anonymous_486)
FN:7038,(anonymous_487)
FN:7046,createBuffer
FN:7066,Buffer
FN:7092,from
FN:7116,(anonymous_491)
FN:7125,assertSize
FN:7133,alloc
FN:7153,(anonymous_494)
FN:7157,allocUnsafe
FN:7165,(anonymous_496)
FN:7171,(anonymous_497)
FN:7175,fromString
FN:7199,fromArrayLike
FN:7208,fromArrayBuffer
FN:7231,fromObject
FN:7260,checked
FN:7270,SlowBuffer
FN:7277,isBuffer
FN:7281,compare
FN:7304,isEncoding
FN:7323,concat
FN:7356,byteLength
FN:7400,slowToString
FN:7478,swap
FN:7484,swap16
FN:7495,swap32
FN:7507,swap64
FN:7521,toString
FN:7530,equals
FN:7536,inspect
FN:7546,compare
FN:7614,bidirectionalIndexOf
FN:7670,arrayIndexOf
FN:7689,read
FN:7726,includes
FN:7730,indexOf
FN:7734,lastIndexOf
FN:7738,hexWrite
FN:7763,utf8Write
FN:7767,asciiWrite
FN:7771,latin1Write
FN:7775,base64Write
FN:7779,ucs2Write
FN:7783,write
FN:7854,toJSON
FN:7861,base64Slice
FN:7869,utf8Slice
FN:7947,decodeCodePointsArray
FN:7965,asciiSlice
FN:7975,latin1Slice
FN:7985,hexSlice
FN:7998,utf16leSlice
FN:8007,slice
FN:8037,checkOffset
FN:8042,readUIntLE
FN:8057,readUIntBE
FN:8073,readUInt8
FN:8079,readUInt16LE
FN:8085,readUInt16BE
FN:8091,readUInt32LE
FN:8101,readUInt32BE
FN:8111,readIntLE
FN:8129,readIntBE
FN:8147,readInt8
FN:8154,readInt16LE
FN:8161,readInt16BE
FN:8168,readInt32LE
FN:8178,readInt32BE
FN:8188,readFloatLE
FN:8194,readFloatBE
FN:8200,readDoubleLE
FN:8206,readDoubleBE
FN:8212,checkInt
FN:8218,writeUIntLE
FN:8237,writeUIntBE
FN:8256,writeUInt8
FN:8264,writeUInt16LE
FN:8273,writeUInt16BE
FN:8282,writeUInt32LE
FN:8293,writeUInt32BE
FN:8304,writeIntLE
FN:8327,writeIntBE
FN:8350,writeInt8
FN:8359,writeInt16LE
FN:8368,writeInt16BE
FN:8377,writeInt32LE
FN:8388,writeInt32BE
FN:8400,checkIEEE754
FN:8405,writeFloat
FN:8415,writeFloatLE
FN:8419,writeFloatBE
FN:8423,writeDouble
FN:8433,writeDoubleLE
FN:8437,writeDoubleBE
FN:8442,copy
FN:8492,fill
FN:8562,base64clean
FN:8576,toHex
FN:8581,utf8ToBytes
FN:8661,asciiToBytes
FN:8670,utf16leToBytes
FN:8686,base64ToBytes
FN:8690,blitBuffer
FN:8700,isArrayBuffer
FN:8706,numberIsNaN
FN:8710,(anonymous_592)
FN:8711,(anonymous_593)
FN:8736,isArray
FN:8744,isBoolean
FN:8749,isNull
FN:8754,isNullOrUndefined
FN:8759,isNumber
FN:8764,isString
FN:8769,isSymbol
FN:8774,isUndefined
FN:8779,isRegExp
FN:8784,isObject
FN:8789,isDate
FN:8794,isError
FN:8799,isFunction
FN:8804,isPrimitive
FN:8816,objectToString
FN:8821,(anonymous_609)
FN:8822,(anonymous_610)
FN:8866,useColors
FN:8895,(anonymous_612)
FN:8910,formatArgs
FN:8930,(anonymous_614)
FN:8950,log
FN:8965,save
FN:8982,load
FN:9013,localstorage
FN:9020,(anonymous_619)
FN:9063,selectColor
FN:9082,createDebug
FN:9086,debug
FN:9115,(anonymous_623)
FN:9154,destroy
FN:9172,enable
FN:9204,disable
FN:9216,enabled
FN:9242,coerce
FN:9247,(anonymous_629)
FN:9285,webpackUniversalModuleDefinition
FN:9294,(anonymous_631)
FN:9295,(anonymous_632)
FN:9300,__webpack_require__
FN:9339,(anonymous_634)
FN:9376,_interopRequireDefault
FN:9419,(anonymous_636)
FN:9425,Diff
FN:9428,diff
FN:9440,done
FN:9442,(anonymous_640)
FN:9472,execEditLength
FN:9521,exec
FN:9522,(anonymous_643)
FN:9543,pushComponent
FN:9553,extractCommon
FN:9572,equals
FN:9579,removeEmpty
FN:9588,castInput
FN:9591,tokenize
FN:9594,join
FN:9599,buildValues
FN:9610,(anonymous_652)
FN:9652,clonePath
FN:9660,(anonymous_654)
FN:9672,_interopRequireDefault
FN:9675,diffChars
FN:9683,(anonymous_657)
FN:9698,_interopRequireDefault
FN:9723,(anonymous_659)
FN:9730,(anonymous_660)
FN:9746,diffWords
FN:9751,diffWordsWithSpace
FN:9759,(anonymous_663)
FN:9765,generateOptions
FN:9783,(anonymous_665)
FN:9798,_interopRequireDefault
FN:9801,(anonymous_667)
FN:9827,diffLines
FN:9830,diffTrimmedLines
FN:9839,(anonymous_670)
FN:9851,_interopRequireDefault
FN:9854,(anonymous_672)
FN:9858,diffSentences
FN:9866,(anonymous_674)
FN:9878,_interopRequireDefault
FN:9881,(anonymous_676)
FN:9885,diffCss
FN:9893,(anonymous_678)
FN:9900,(anonymous_679)
FN:9900,(anonymous_680)
FN:9911,_interopRequireDefault
FN:9921,(anonymous_682)
FN:9925,(anonymous_683)
FN:9933,(anonymous_684)
FN:9938,diffJson
FN:9944,canonicalize
FN:10007,(anonymous_687)
FN:10019,_interopRequireDefault
FN:10022,(anonymous_689)
FN:10025,(anonymous_690)
FN:10029,diffArrays
FN:10037,(anonymous_692)
FN:10051,_interopRequireDefault
FN:10053,applyPatch
FN:10072,(anonymous_695)
FN:10086,hunkFits
FN:10189,applyPatches
FN:10195,processIndex
FN:10201,(anonymous_699)
FN:10207,(anonymous_700)
FN:10223,(anonymous_701)
FN:10229,parsePatch
FN:10237,parseIndex
FN:10285,parseFileHeader
FN:10303,parseHunk
FN:10376,(anonymous_706)
FN:10382,(anonymous_707)
FN:10388,iterator
FN:10429,(anonymous_709)
FN:10443,_toConsumableArray
FN:10445,calcLineCount
FN:10463,merge
FN:10539,loadPatch
FN:10556,fileNameChanged
FN:10560,selectField
FN:10569,hunkBefore
FN:10573,cloneHunk
FN:10581,mergeLines
FN:10633,mutualChange
FN:10660,removal
FN:10672,conflict
FN:10681,insertLeading
FN:10688,insertTrailing
FN:10695,collectChange
FN:10716,collectContext
FN:10773,allRemoves
FN:10774,(anonymous_727)
FN:10778,skipRemoveSuperset
FN:10790,calcOldNewLineCount
FN:10794,(anonymous_730)
FN:10831,(anonymous_731)
FN:10842,_toConsumableArray
FN:10844,structuredPatch
FN:10855,contextLines
FN:10856,(anonymous_735)
FN:10868,_loop
FN:10890,(anonymous_737)
FN:10957,createTwoFilesPatch
FN:10977,createPatch
FN:10985,(anonymous_740)
FN:10992,arrayEqual
FN:11000,arrayStartsWith
FN:11018,(anonymous_743)
FN:11025,convertChangesToDMP
FN:11048,(anonymous_745)
FN:11054,convertChangesToXML
FN:11075,escapeHTML
FN:11091,(anonymous_748)
FN:11096,(anonymous_749)
FN:11104,(anonymous_750)
FN:11130,EventEmitter
FN:11159,(anonymous_752)
FN:11162,(anonymous_753)
FN:11176,setMaxListeners
FN:11183,$getMaxListeners
FN:11189,getMaxListeners
FN:11198,emitNone
FN:11208,emitOne
FN:11218,emitTwo
FN:11228,emitThree
FN:11239,emitMany
FN:11250,emit
FN:11307,_addListener
FN:11374,addListener
FN:11381,prependListener
FN:11385,onceWrapper
FN:11408,_onceWrap
FN:11416,once
FN:11424,prependOnceListener
FN:11433,removeListener
FN:11485,removeAllListeners
FN:11535,listeners
FN:11555,(anonymous_773)
FN:11564,listenerCount
FN:11580,eventNames
FN:11585,spliceOne
FN:11591,arrayClone
FN:11598,unwrapListeners
FN:11606,objectCreatePolyfill
FN:11607,(anonymous_780)
FN:11611,objectKeysPolyfill
FN:11618,functionBindPolyfill
FN:11620,(anonymous_783)
FN:11625,(anonymous_784)
FN:11626,(anonymous_785)
FN:11628,(anonymous_786)
FN:11692,(anonymous_787)
FN:11696,(anonymous_788)
FN:11707,(anonymous_789)
FN:11722,(anonymous_790)
FN:11752,(anonymous_791)
FN:11756,(anonymous_792)
FN:11760,(anonymous_793)
FN:11766,(anonymous_794)
FN:11777,(anonymous_795)
FN:11783,(anonymous_796)
FN:11801,(anonymous_797)
FN:11811,(anonymous_798)
FN:11821,(anonymous_799)
FN:11832,(anonymous_800)
FN:11852,(anonymous_801)
FN:11858,(anonymous_802)
FN:11929,(anonymous_803)
FN:11930,(anonymous_804)
FN:11951,(anonymous_805)
FN:11969,(anonymous_806)
FN:11970,(anonymous_807)
FN:12003,(anonymous_808)
FN:12055,(anonymous_809)
FN:12058,inherits
FN:12071,inherits
FN:12073,(anonymous_812)
FN:12080,(anonymous_813)
FN:12090,(anonymous_814)
FN:12094,isBuffer
FN:12099,isSlowBuffer
FN:12103,(anonymous_817)
FN:12106,(anonymous_818)
FN:12110,(anonymous_819)
FN:12111,(anonymous_820)
FN:12118,mkdirP
FN:12135,(anonymous_822)
FN:12138,(anonymous_823)
FN:12145,(anonymous_824)
FN:12155,(anonymous_825)
FN:12166,sync
FN:12212,(anonymous_827)
FN:12237,(anonymous_828)
FN:12259,parse
FN:12320,fmtShort
FN:12344,fmtLong
FN:12356,plural
FN:12366,(anonymous_833)
FN:12367,(anonymous_834)
FN:12378,nextTick
FN:12389,afterTickOne
FN:12393,afterTickTwo
FN:12397,afterTickThree
FN:12406,afterTick
FN:12414,(anonymous_840)
FN:12426,defaultSetTimout
FN:12429,defaultClearTimeout
FN:12432,(anonymous_843)
FN:12452,runTimeout
FN:12477,runClearTimeout
FN:12509,cleanUpNextTick
FN:12524,drainQueue
FN:12548,(anonymous_848)
FN:12562,Item
FN:12566,(anonymous_850)
FN:12576,noop
FN:12588,(anonymous_852)
FN:12590,(anonymous_853)
FN:12594,(anonymous_854)
FN:12595,(anonymous_855)
FN:12598,(anonymous_856)
FN:12600,(anonymous_857)
FN:12603,(anonymous_858)
FN:12638,(anonymous_859)
FN:12667,Duplex
FN:12688,(anonymous_861)
FN:12694,onend
FN:12704,onEndNT
FN:12709,(anonymous_864)
FN:12715,(anonymous_865)
FN:12729,(anonymous_866)
FN:12735,(anonymous_867)
FN:12774,PassThrough
FN:12780,(anonymous_869)
FN:12783,(anonymous_870)
FN:12784,(anonymous_871)
FN:12828,(anonymous_872)
FN:12840,(anonymous_873)
FN:12841,_uint8ArrayToBuffer
FN:12844,_isUint8Array
FN:12861,(anonymous_876)
FN:12873,prependListener
FN:12885,ReadableState
FN:12962,Readable
FN:12982,(anonymous_880)
FN:12988,(anonymous_881)
FN:13003,(anonymous_882)
FN:13012,(anonymous_883)
FN:13033,(anonymous_884)
FN:13037,readableAddChunk
FN:13073,addChunk
FN:13087,chunkInvalid
FN:13102,needMoreData
FN:13106,(anonymous_889)
FN:13111,(anonymous_890)
FN:13120,computeNewHighWaterMark
FN:13139,howMuchToRead
FN:13158,(anonymous_893)
FN:13258,onEofChunk
FN:13276,emitReadable
FN:13286,emitReadable_
FN:13298,maybeReadMore
FN:13305,maybeReadMore_
FN:13321,(anonymous_899)
FN:13325,(anonymous_900)
FN:13349,onunpipe
FN:13359,onend
FN:13372,cleanup
FN:13400,ondata
FN:13420,onerror
FN:13431,onclose
FN:13436,onfinish
FN:13443,unpipe
FN:13460,pipeOnDrain
FN:13461,(anonymous_910)
FN:13472,(anonymous_911)
FN:13524,(anonymous_912)
FN:13547,nReadingNextTick
FN:13554,(anonymous_914)
FN:13564,resume
FN:13571,resume_
FN:13584,(anonymous_917)
FN:13594,flow
FN:13603,(anonymous_919)
FN:13609,(anonymous_920)
FN:13619,(anonymous_921)
FN:13637,(anonymous_922)
FN:13638,(anonymous_923)
FN:13652,(anonymous_924)
FN:13668,(anonymous_925)
FN:13680,fromList
FN:13700,fromListPartial
FN:13720,copyFromBufferString
FN:13749,copyFromBuffer
FN:13776,endReadable
FN:13789,endReadableNT
FN:13798,indexOf
FN:13805,(anonymous_933)
FN:13882,afterTransform
FN:13907,Transform
FN:13939,prefinish
FN:13943,(anonymous_937)
FN:13951,(anonymous_938)
FN:13966,(anonymous_939)
FN:13970,(anonymous_940)
FN:13984,(anonymous_941)
FN:13997,(anonymous_942)
FN:14000,(anonymous_943)
FN:14006,done
FN:14020,(anonymous_945)
FN:14021,(anonymous_946)
FN:14057,WriteReq
FN:14066,CorkedRequest
FN:14071,(anonymous_949)
FN:14105,(anonymous_950)
FN:14106,_uint8ArrayToBuffer
FN:14109,_isUint8Array
FN:14119,nop
FN:14121,WritableState
FN:14200,(anonymous_955)
FN:14232,getBuffer
FN:14242,(anonymous_957)
FN:14245,(anonymous_958)
FN:14258,(anonymous_959)
FN:14266,(anonymous_960)
FN:14271,Writable
FN:14304,(anonymous_962)
FN:14308,writeAfterEnd
FN:14318,validChunk
FN:14335,(anonymous_965)
FN:14361,(anonymous_966)
FN:14367,(anonymous_967)
FN:14377,setDefaultEncoding
FN:14385,decodeChunk
FN:14397,(anonymous_970)
FN:14405,writeOrBuffer
FN:14444,doWrite
FN:14453,onwriteError
FN:14477,onwriteStateUpdate
FN:14484,onwrite
FN:14509,afterWrite
FN:14519,onwriteDrain
FN:14527,clearBuffer
FN:14588,(anonymous_979)
FN:14594,(anonymous_980)
FN:14618,needFinish
FN:14621,callFinal
FN:14622,(anonymous_983)
FN:14632,prefinish
FN:14645,finishMaybe
FN:14657,endWritable
FN:14667,onCorkedFinish
FN:14684,(anonymous_988)
FN:14690,(anonymous_989)
FN:14705,(anonymous_990)
FN:14710,(anonymous_991)
FN:14713,_classCallCheck
FN:14718,copyBuffer
FN:14722,(anonymous_994)
FN:14723,BufferList
FN:14731,push
FN:14738,unshift
FN:14745,shift
FN:14753,clear
FN:14758,join
FN:14767,concat
FN:14785,(anonymous_1002)
FN:14790,(anonymous_1003)
FN:14799,destroy
FN:14826,(anonymous_1005)
FN:14840,undestroy
FN:14857,emitErrorNT
FN:14865,(anonymous_1008)
FN:14868,(anonymous_1009)
FN:14871,(anonymous_1010)
FN:14880,(anonymous_1011)
FN:14883,(anonymous_1012)
FN:14886,(anonymous_1013)
FN:14892,copyProps
FN:14905,SafeBuffer
FN:14912,(anonymous_1016)
FN:14919,(anonymous_1017)
FN:14936,(anonymous_1018)
FN:14943,(anonymous_1019)
FN:14950,(anonymous_1020)
FN:14992,Stream
FN:14996,(anonymous_1022)
FN:14999,ondata
FN:15009,ondrain
FN:15025,onend
FN:15033,onclose
FN:15041,onerror
FN:15052,cleanup
FN:15079,(anonymous_1029)
FN:15108,(anonymous_1030)
FN:15118,_normalizeEncoding
FN:15148,normalizeEncoding
FN:15158,StringDecoder
FN:15186,(anonymous_1034)
FN:15208,(anonymous_1035)
FN:15219,utf8CheckByte
FN:15227,utf8CheckIncomplete
FN:15260,utf8CheckExtraBytes
FN:15280,utf8FillLast
FN:15295,utf8Text
FN:15306,utf8End
FN:15316,utf16Text
FN:15339,utf16End
FN:15348,base64Text
FN:15362,base64End
FN:15369,simpleWrite
FN:15373,simpleEnd
FN:15376,(anonymous_1048)
FN:15377,(anonymous_1049)
FN:15403,deprecate
FN:15409,deprecated
FN:15434,config
FN:15447,(anonymous_1053)
FN:15449,(anonymous_1054)
FN:15450,isBuffer
FN:15456,(anonymous_1056)
FN:15457,(anonymous_1057)
FN:15480,(anonymous_1058)
FN:15492,(anonymous_1059)
FN:15522,(anonymous_1060)
FN:15525,(anonymous_1061)
FN:15535,deprecated
FN:15555,(anonymous_1063)
FN:15562,(anonymous_1064)
FN:15567,(anonymous_1065)
FN:15582,inspect
FN:15640,stylizeWithColor
FN:15652,stylizeNoColor
FN:15657,arrayToHash
FN:15660,(anonymous_1070)
FN:15668,formatValue
FN:15770,(anonymous_1072)
FN:15781,formatPrimitive
FN:15800,formatError
FN:15805,formatArray
FN:15815,(anonymous_1076)
FN:15825,formatProperty
FN:15851,(anonymous_1078)
FN:15855,(anonymous_1079)
FN:15884,reduceToSingleString
FN:15886,(anonymous_1081)
FN:15907,isArray
FN:15912,isBoolean
FN:15917,isNull
FN:15922,isNullOrUndefined
FN:15927,isNumber
FN:15932,isString
FN:15937,isSymbol
FN:15942,isUndefined
FN:15947,isRegExp
FN:15952,isObject
FN:15957,isDate
FN:15962,isError
FN:15968,isFunction
FN:15973,isPrimitive
FN:15985,objectToString
FN:15990,pad
FN:15999,timestamp
FN:16009,(anonymous_1099)
FN:16029,(anonymous_1100)
FN:16041,hasOwnProperty
FNF:1102
FNH:0
FNDA:0,(anonymous_0)
FNDA:0,r
FNDA:0,o
FNDA:0,(anonymous_3)
FNDA:0,(anonymous_4)
FNDA:0,(anonymous_5)
FNDA:0,(anonymous_6)
FNDA:0,(anonymous_7)
FNDA:0,(anonymous_8)
FNDA:0,(anonymous_9)
FNDA:0,timeslice
FNDA:0,(anonymous_11)
FNDA:0,(anonymous_12)
FNDA:0,(anonymous_13)
FNDA:0,(anonymous_14)
FNDA:0,(anonymous_15)
FNDA:0,(anonymous_16)
FNDA:0,(anonymous_17)
FNDA:0,(anonymous_18)
FNDA:0,(anonymous_19)
FNDA:0,Progress
FNDA:0,(anonymous_21)
FNDA:0,(anonymous_22)
FNDA:0,(anonymous_23)
FNDA:0,(anonymous_24)
FNDA:0,(anonymous_25)
FNDA:0,(anonymous_26)
FNDA:0,(anonymous_27)
FNDA:0,(anonymous_28)
FNDA:0,isatty
FNDA:0,getWindowSize
FNDA:0,(anonymous_31)
FNDA:0,Context
FNDA:0,(anonymous_33)
FNDA:0,(anonymous_34)
FNDA:0,(anonymous_35)
FNDA:0,(anonymous_36)
FNDA:0,(anonymous_37)
FNDA:0,(anonymous_38)
FNDA:0,(anonymous_39)
FNDA:0,Hook
FNDA:0,(anonymous_41)
FNDA:0,(anonymous_42)
FNDA:0,bddInterface
FNDA:0,(anonymous_44)
FNDA:0,(anonymous_45)
FNDA:0,(anonymous_46)
FNDA:0,(anonymous_47)
FNDA:0,(anonymous_48)
FNDA:0,(anonymous_49)
FNDA:0,(anonymous_50)
FNDA:0,(anonymous_51)
FNDA:0,(anonymous_52)
FNDA:0,(anonymous_53)
FNDA:0,runWithSuite
FNDA:0,run
FNDA:0,(anonymous_56)
FNDA:0,(anonymous_57)
FNDA:0,(anonymous_58)
FNDA:0,(anonymous_59)
FNDA:0,only
FNDA:0,skip
FNDA:0,create
FNDA:0,(anonymous_63)
FNDA:0,(anonymous_64)
FNDA:0,(anonymous_65)
FNDA:0,(anonymous_66)
FNDA:0,(anonymous_67)
FNDA:0,visit
FNDA:0,(anonymous_69)
FNDA:0,(anonymous_70)
FNDA:0,qUnitInterface
FNDA:0,(anonymous_72)
FNDA:0,(anonymous_73)
FNDA:0,(anonymous_74)
FNDA:0,(anonymous_75)
FNDA:0,(anonymous_76)
FNDA:0,(anonymous_77)
FNDA:0,(anonymous_78)
FNDA:0,(anonymous_79)
FNDA:0,(anonymous_80)
FNDA:0,(anonymous_81)
FNDA:0,(anonymous_82)
FNDA:0,(anonymous_83)
FNDA:0,(anonymous_84)
FNDA:0,(anonymous_85)
FNDA:0,(anonymous_86)
FNDA:0,image
FNDA:0,Mocha
FNDA:0,(anonymous_89)
FNDA:0,(anonymous_90)
FNDA:0,(anonymous_91)
FNDA:0,(anonymous_92)
FNDA:0,(anonymous_93)
FNDA:0,(anonymous_94)
FNDA:0,(anonymous_95)
FNDA:0,(anonymous_96)
FNDA:0,(anonymous_97)
FNDA:0,(anonymous_98)
FNDA:0,(anonymous_99)
FNDA:0,(anonymous_100)
FNDA:0,(anonymous_101)
FNDA:0,(anonymous_102)
FNDA:0,(anonymous_103)
FNDA:0,(anonymous_104)
FNDA:0,(anonymous_105)
FNDA:0,(anonymous_106)
FNDA:0,(anonymous_107)
FNDA:0,(anonymous_108)
FNDA:0,(anonymous_109)
FNDA:0,(anonymous_110)
FNDA:0,(anonymous_111)
FNDA:0,(anonymous_112)
FNDA:0,(anonymous_113)
FNDA:0,(anonymous_114)
FNDA:0,(anonymous_115)
FNDA:0,delay
FNDA:0,(anonymous_117)
FNDA:0,(anonymous_118)
FNDA:0,(anonymous_119)
FNDA:0,done
FNDA:0,(anonymous_121)
FNDA:0,(anonymous_122)
FNDA:0,parse
FNDA:0,format
FNDA:0,(anonymous_125)
FNDA:0,Pending
FNDA:0,(anonymous_127)
FNDA:0,(anonymous_128)
FNDA:0,(anonymous_129)
FNDA:0,(anonymous_130)
FNDA:0,(anonymous_131)
FNDA:0,(anonymous_132)
FNDA:0,(anonymous_133)
FNDA:0,(anonymous_134)
FNDA:0,showDiff
FNDA:0,stringifyDiffObjs
FNDA:0,(anonymous_137)
FNDA:0,(anonymous_138)
FNDA:0,(anonymous_139)
FNDA:0,(anonymous_140)
FNDA:0,Base
FNDA:0,(anonymous_142)
FNDA:0,(anonymous_143)
FNDA:0,(anonymous_144)
FNDA:0,(anonymous_145)
FNDA:0,(anonymous_146)
FNDA:0,(anonymous_147)
FNDA:0,(anonymous_148)
FNDA:0,(anonymous_149)
FNDA:0,pad
FNDA:0,inlineDiff
FNDA:0,(anonymous_152)
FNDA:0,unifiedDiff
FNDA:0,cleanUp
FNDA:0,notBlank
FNDA:0,errorDiff
FNDA:0,(anonymous_157)
FNDA:0,colorLines
FNDA:0,(anonymous_159)
FNDA:0,sameType
FNDA:0,(anonymous_161)
FNDA:0,Doc
FNDA:0,indent
FNDA:0,(anonymous_164)
FNDA:0,(anonymous_165)
FNDA:0,(anonymous_166)
FNDA:0,(anonymous_167)
FNDA:0,(anonymous_168)
FNDA:0,(anonymous_169)
FNDA:0,Dot
FNDA:0,(anonymous_171)
FNDA:0,(anonymous_172)
FNDA:0,(anonymous_173)
FNDA:0,(anonymous_174)
FNDA:0,(anonymous_175)
FNDA:0,(anonymous_176)
FNDA:0,(anonymous_177)
FNDA:0,HTML
FNDA:0,(anonymous_179)
FNDA:0,(anonymous_180)
FNDA:0,(anonymous_181)
FNDA:0,(anonymous_182)
FNDA:0,(anonymous_183)
FNDA:0,(anonymous_184)
FNDA:0,(anonymous_185)
FNDA:0,appendToStack
FNDA:0,updateStats
FNDA:0,makeUrl
FNDA:0,(anonymous_189)
FNDA:0,(anonymous_190)
FNDA:0,(anonymous_191)
FNDA:0,(anonymous_192)
FNDA:0,error
FNDA:0,fragment
FNDA:0,(anonymous_195)
FNDA:0,hideSuitesWithout
FNDA:0,unhide
FNDA:0,text
FNDA:0,on
FNDA:0,(anonymous_200)
FNDA:0,(anonymous_201)
FNDA:0,(anonymous_202)
FNDA:0,List
FNDA:0,(anonymous_204)
FNDA:0,(anonymous_205)
FNDA:0,(anonymous_206)
FNDA:0,(anonymous_207)
FNDA:0,clean
FNDA:0,(anonymous_209)
FNDA:0,(anonymous_210)
FNDA:0,JSONReporter
FNDA:0,(anonymous_212)
FNDA:0,(anonymous_213)
FNDA:0,(anonymous_214)
FNDA:0,(anonymous_215)
FNDA:0,(anonymous_216)
FNDA:0,clean
FNDA:0,cleanCycles
FNDA:0,(anonymous_219)
FNDA:0,errorJSON
FNDA:0,(anonymous_221)
FNDA:0,(anonymous_222)
FNDA:0,(anonymous_223)
FNDA:0,Landing
FNDA:0,runway
FNDA:0,(anonymous_226)
FNDA:0,(anonymous_227)
FNDA:0,(anonymous_228)
FNDA:0,(anonymous_229)
FNDA:0,(anonymous_230)
FNDA:0,List
FNDA:0,(anonymous_232)
FNDA:0,(anonymous_233)
FNDA:0,(anonymous_234)
FNDA:0,(anonymous_235)
FNDA:0,(anonymous_236)
FNDA:0,(anonymous_237)
FNDA:0,(anonymous_238)
FNDA:0,Markdown
FNDA:0,title
FNDA:0,mapTOC
FNDA:0,(anonymous_242)
FNDA:0,stringifyTOC
FNDA:0,generateTOC
FNDA:0,(anonymous_245)
FNDA:0,(anonymous_246)
FNDA:0,(anonymous_247)
FNDA:0,(anonymous_248)
FNDA:0,(anonymous_249)
FNDA:0,(anonymous_250)
FNDA:0,Min
FNDA:0,(anonymous_252)
FNDA:0,(anonymous_253)
FNDA:0,(anonymous_254)
FNDA:0,NyanCat
FNDA:0,(anonymous_256)
FNDA:0,(anonymous_257)
FNDA:0,(anonymous_258)
FNDA:0,(anonymous_259)
FNDA:0,(anonymous_260)
FNDA:0,(anonymous_261)
FNDA:0,(anonymous_262)
FNDA:0,draw
FNDA:0,(anonymous_264)
FNDA:0,(anonymous_265)
FNDA:0,(anonymous_266)
FNDA:0,(anonymous_267)
FNDA:0,(anonymous_268)
FNDA:0,(anonymous_269)
FNDA:0,(anonymous_270)
FNDA:0,(anonymous_271)
FNDA:0,(anonymous_272)
FNDA:0,write
FNDA:0,(anonymous_274)
FNDA:0,(anonymous_275)
FNDA:0,Progress
FNDA:0,(anonymous_277)
FNDA:0,(anonymous_278)
FNDA:0,(anonymous_279)
FNDA:0,(anonymous_280)
FNDA:0,Spec
FNDA:0,indent
FNDA:0,(anonymous_283)
FNDA:0,(anonymous_284)
FNDA:0,(anonymous_285)
FNDA:0,(anonymous_286)
FNDA:0,(anonymous_287)
FNDA:0,(anonymous_288)
FNDA:0,(anonymous_289)
FNDA:0,TAP
FNDA:0,(anonymous_291)
FNDA:0,(anonymous_292)
FNDA:0,(anonymous_293)
FNDA:0,(anonymous_294)
FNDA:0,(anonymous_295)
FNDA:0,(anonymous_296)
FNDA:0,title
FNDA:0,(anonymous_298)
FNDA:0,(anonymous_299)
FNDA:0,XUnit
FNDA:0,(anonymous_301)
FNDA:0,(anonymous_302)
FNDA:0,(anonymous_303)
FNDA:0,(anonymous_304)
FNDA:0,(anonymous_305)
FNDA:0,(anonymous_306)
FNDA:0,(anonymous_307)
FNDA:0,(anonymous_308)
FNDA:0,(anonymous_309)
FNDA:0,tag
FNDA:0,(anonymous_311)
FNDA:0,(anonymous_312)
FNDA:0,Runnable
FNDA:0,(anonymous_314)
FNDA:0,(anonymous_315)
FNDA:0,(anonymous_316)
FNDA:0,(anonymous_317)
FNDA:0,(anonymous_318)
FNDA:0,(anonymous_319)
FNDA:0,(anonymous_320)
FNDA:0,(anonymous_321)
FNDA:0,(anonymous_322)
FNDA:0,(anonymous_323)
FNDA:0,(anonymous_324)
FNDA:0,(anonymous_325)
FNDA:0,(anonymous_326)
FNDA:0,(anonymous_327)
FNDA:0,(anonymous_328)
FNDA:0,(anonymous_329)
FNDA:0,(anonymous_330)
FNDA:0,(anonymous_331)
FNDA:0,multiple
FNDA:0,done
FNDA:0,asyncSkip
FNDA:0,callFn
FNDA:0,(anonymous_336)
FNDA:0,(anonymous_337)
FNDA:0,callFnAsync
FNDA:0,(anonymous_339)
FNDA:0,(anonymous_340)
FNDA:0,(anonymous_341)
FNDA:0,(anonymous_342)
FNDA:0,Runner
FNDA:0,(anonymous_344)
FNDA:0,(anonymous_345)
FNDA:0,(anonymous_346)
FNDA:0,(anonymous_347)
FNDA:0,(anonymous_348)
FNDA:0,(anonymous_349)
FNDA:0,(anonymous_350)
FNDA:0,(anonymous_351)
FNDA:0,(anonymous_352)
FNDA:0,(anonymous_353)
FNDA:0,(anonymous_354)
FNDA:0,next
FNDA:0,(anonymous_356)
FNDA:0,(anonymous_357)
FNDA:0,(anonymous_358)
FNDA:0,(anonymous_359)
FNDA:0,(anonymous_360)
FNDA:0,next
FNDA:0,(anonymous_362)
FNDA:0,(anonymous_363)
FNDA:0,(anonymous_364)
FNDA:0,(anonymous_365)
FNDA:0,(anonymous_366)
FNDA:0,(anonymous_367)
FNDA:0,(anonymous_368)
FNDA:0,hookErr
FNDA:0,(anonymous_370)
FNDA:0,next
FNDA:0,(anonymous_372)
FNDA:0,(anonymous_373)
FNDA:0,alwaysFalse
FNDA:0,(anonymous_375)
FNDA:0,next
FNDA:0,(anonymous_377)
FNDA:0,done
FNDA:0,(anonymous_379)
FNDA:0,(anonymous_380)
FNDA:0,(anonymous_381)
FNDA:0,(anonymous_382)
FNDA:0,cleanSuiteReferences
FNDA:0,cleanArrReferences
FNDA:0,(anonymous_385)
FNDA:0,(anonymous_386)
FNDA:0,uncaught
FNDA:0,start
FNDA:0,(anonymous_389)
FNDA:0,(anonymous_390)
FNDA:0,(anonymous_391)
FNDA:0,filterOnly
FNDA:0,(anonymous_393)
FNDA:0,(anonymous_394)
FNDA:0,hasOnly
FNDA:0,filterLeaks
FNDA:0,(anonymous_397)
FNDA:0,(anonymous_398)
FNDA:0,extraGlobals
FNDA:0,(anonymous_400)
FNDA:0,(anonymous_401)
FNDA:0,(anonymous_402)
FNDA:0,Suite
FNDA:0,Context
FNDA:0,(anonymous_405)
FNDA:0,(anonymous_406)
FNDA:0,(anonymous_407)
FNDA:0,(anonymous_408)
FNDA:0,(anonymous_409)
FNDA:0,(anonymous_410)
FNDA:0,(anonymous_411)
FNDA:0,(anonymous_412)
FNDA:0,(anonymous_413)
FNDA:0,(anonymous_414)
FNDA:0,(anonymous_415)
FNDA:0,(anonymous_416)
FNDA:0,(anonymous_417)
FNDA:0,(anonymous_418)
FNDA:0,(anonymous_419)
FNDA:0,(anonymous_420)
FNDA:0,(anonymous_421)
FNDA:0,(anonymous_422)
FNDA:0,(anonymous_423)
FNDA:0,(anonymous_424)
FNDA:0,run
FNDA:0,(anonymous_426)
FNDA:0,Test
FNDA:0,(anonymous_428)
FNDA:0,(anonymous_429)
FNDA:0,(anonymous_430)
FNDA:0,(anonymous_431)
FNDA:0,(anonymous_432)
FNDA:0,(anonymous_433)
FNDA:0,(anonymous_434)
FNDA:0,(anonymous_435)
FNDA:0,ignored
FNDA:0,(anonymous_437)
FNDA:0,(anonymous_438)
FNDA:0,(anonymous_439)
FNDA:0,(anonymous_440)
FNDA:0,(anonymous_441)
FNDA:0,(anonymous_442)
FNDA:0,highlight
FNDA:0,(anonymous_444)
FNDA:0,emptyRepresentation
FNDA:0,type
FNDA:0,(anonymous_447)
FNDA:0,(anonymous_448)
FNDA:0,jsonStringify
FNDA:0,repeat
FNDA:0,_stringify
FNDA:0,canonicalize
FNDA:0,withStack
FNDA:0,(anonymous_454)
FNDA:0,(anonymous_455)
FNDA:0,(anonymous_456)
FNDA:0,(anonymous_457)
FNDA:0,lookupFiles
FNDA:0,(anonymous_459)
FNDA:0,(anonymous_460)
FNDA:0,(anonymous_461)
FNDA:0,(anonymous_462)
FNDA:0,isMochaInternal
FNDA:0,isNodeInternal
FNDA:0,(anonymous_465)
FNDA:0,(anonymous_466)
FNDA:0,isPromise
FNDA:0,(anonymous_468)
FNDA:0,(anonymous_469)
FNDA:0,getLens
FNDA:0,byteLength
FNDA:0,_byteLength
FNDA:0,toByteArray
FNDA:0,tripletToBase64
FNDA:0,encodeChunk
FNDA:0,fromByteArray
FNDA:0,(anonymous_477)
FNDA:0,(anonymous_478)
FNDA:0,(anonymous_479)
FNDA:0,BrowserStdout
FNDA:0,(anonymous_481)
FNDA:0,(anonymous_482)
FNDA:0,(anonymous_483)
FNDA:0,typedArraySupport
FNDA:0,(anonymous_485)
FNDA:0,(anonymous_486)
FNDA:0,(anonymous_487)
FNDA:0,createBuffer
FNDA:0,Buffer
FNDA:0,from
FNDA:0,(anonymous_491)
FNDA:0,assertSize
FNDA:0,alloc
FNDA:0,(anonymous_494)
FNDA:0,allocUnsafe
FNDA:0,(anonymous_496)
FNDA:0,(anonymous_497)
FNDA:0,fromString
FNDA:0,fromArrayLike
FNDA:0,fromArrayBuffer
FNDA:0,fromObject
FNDA:0,checked
FNDA:0,SlowBuffer
FNDA:0,isBuffer
FNDA:0,compare
FNDA:0,isEncoding
FNDA:0,concat
FNDA:0,byteLength
FNDA:0,slowToString
FNDA:0,swap
FNDA:0,swap16
FNDA:0,swap32
FNDA:0,swap64
FNDA:0,toString
FNDA:0,equals
FNDA:0,inspect
FNDA:0,compare
FNDA:0,bidirectionalIndexOf
FNDA:0,arrayIndexOf
FNDA:0,read
FNDA:0,includes
FNDA:0,indexOf
FNDA:0,lastIndexOf
FNDA:0,hexWrite
FNDA:0,utf8Write
FNDA:0,asciiWrite
FNDA:0,latin1Write
FNDA:0,base64Write
FNDA:0,ucs2Write
FNDA:0,write
FNDA:0,toJSON
FNDA:0,base64Slice
FNDA:0,utf8Slice
FNDA:0,decodeCodePointsArray
FNDA:0,asciiSlice
FNDA:0,latin1Slice
FNDA:0,hexSlice
FNDA:0,utf16leSlice
FNDA:0,slice
FNDA:0,checkOffset
FNDA:0,readUIntLE
FNDA:0,readUIntBE
FNDA:0,readUInt8
FNDA:0,readUInt16LE
FNDA:0,readUInt16BE
FNDA:0,readUInt32LE
FNDA:0,readUInt32BE
FNDA:0,readIntLE
FNDA:0,readIntBE
FNDA:0,readInt8
FNDA:0,readInt16LE
FNDA:0,readInt16BE
FNDA:0,readInt32LE
FNDA:0,readInt32BE
FNDA:0,readFloatLE
FNDA:0,readFloatBE
FNDA:0,readDoubleLE
FNDA:0,readDoubleBE
FNDA:0,checkInt
FNDA:0,writeUIntLE
FNDA:0,writeUIntBE
FNDA:0,writeUInt8
FNDA:0,writeUInt16LE
FNDA:0,writeUInt16BE
FNDA:0,writeUInt32LE
FNDA:0,writeUInt32BE
FNDA:0,writeIntLE
FNDA:0,writeIntBE
FNDA:0,writeInt8
FNDA:0,writeInt16LE
FNDA:0,writeInt16BE
FNDA:0,writeInt32LE
FNDA:0,writeInt32BE
FNDA:0,checkIEEE754
FNDA:0,writeFloat
FNDA:0,writeFloatLE
FNDA:0,writeFloatBE
FNDA:0,writeDouble
FNDA:0,writeDoubleLE
FNDA:0,writeDoubleBE
FNDA:0,copy
FNDA:0,fill
FNDA:0,base64clean
FNDA:0,toHex
FNDA:0,utf8ToBytes
FNDA:0,asciiToBytes
FNDA:0,utf16leToBytes
FNDA:0,base64ToBytes
FNDA:0,blitBuffer
FNDA:0,isArrayBuffer
FNDA:0,numberIsNaN
FNDA:0,(anonymous_592)
FNDA:0,(anonymous_593)
FNDA:0,isArray
FNDA:0,isBoolean
FNDA:0,isNull
FNDA:0,isNullOrUndefined
FNDA:0,isNumber
FNDA:0,isString
FNDA:0,isSymbol
FNDA:0,isUndefined
FNDA:0,isRegExp
FNDA:0,isObject
FNDA:0,isDate
FNDA:0,isError
FNDA:0,isFunction
FNDA:0,isPrimitive
FNDA:0,objectToString
FNDA:0,(anonymous_609)
FNDA:0,(anonymous_610)
FNDA:0,useColors
FNDA:0,(anonymous_612)
FNDA:0,formatArgs
FNDA:0,(anonymous_614)
FNDA:0,log
FNDA:0,save
FNDA:0,load
FNDA:0,localstorage
FNDA:0,(anonymous_619)
FNDA:0,selectColor
FNDA:0,createDebug
FNDA:0,debug
FNDA:0,(anonymous_623)
FNDA:0,destroy
FNDA:0,enable
FNDA:0,disable
FNDA:0,enabled
FNDA:0,coerce
FNDA:0,(anonymous_629)
FNDA:0,webpackUniversalModuleDefinition
FNDA:0,(anonymous_631)
FNDA:0,(anonymous_632)
FNDA:0,__webpack_require__
FNDA:0,(anonymous_634)
FNDA:0,_interopRequireDefault
FNDA:0,(anonymous_636)
FNDA:0,Diff
FNDA:0,diff
FNDA:0,done
FNDA:0,(anonymous_640)
FNDA:0,execEditLength
FNDA:0,exec
FNDA:0,(anonymous_643)
FNDA:0,pushComponent
FNDA:0,extractCommon
FNDA:0,equals
FNDA:0,removeEmpty
FNDA:0,castInput
FNDA:0,tokenize
FNDA:0,join
FNDA:0,buildValues
FNDA:0,(anonymous_652)
FNDA:0,clonePath
FNDA:0,(anonymous_654)
FNDA:0,_interopRequireDefault
FNDA:0,diffChars
FNDA:0,(anonymous_657)
FNDA:0,_interopRequireDefault
FNDA:0,(anonymous_659)
FNDA:0,(anonymous_660)
FNDA:0,diffWords
FNDA:0,diffWordsWithSpace
FNDA:0,(anonymous_663)
FNDA:0,generateOptions
FNDA:0,(anonymous_665)
FNDA:0,_interopRequireDefault
FNDA:0,(anonymous_667)
FNDA:0,diffLines
FNDA:0,diffTrimmedLines
FNDA:0,(anonymous_670)
FNDA:0,_interopRequireDefault
FNDA:0,(anonymous_672)
FNDA:0,diffSentences
FNDA:0,(anonymous_674)
FNDA:0,_interopRequireDefault
FNDA:0,(anonymous_676)
FNDA:0,diffCss
FNDA:0,(anonymous_678)
FNDA:0,(anonymous_679)
FNDA:0,(anonymous_680)
FNDA:0,_interopRequireDefault
FNDA:0,(anonymous_682)
FNDA:0,(anonymous_683)
FNDA:0,(anonymous_684)
FNDA:0,diffJson
FNDA:0,canonicalize
FNDA:0,(anonymous_687)
FNDA:0,_interopRequireDefault
FNDA:0,(anonymous_689)
FNDA:0,(anonymous_690)
FNDA:0,diffArrays
FNDA:0,(anonymous_692)
FNDA:0,_interopRequireDefault
FNDA:0,applyPatch
FNDA:0,(anonymous_695)
FNDA:0,hunkFits
FNDA:0,applyPatches
FNDA:0,processIndex
FNDA:0,(anonymous_699)
FNDA:0,(anonymous_700)
FNDA:0,(anonymous_701)
FNDA:0,parsePatch
FNDA:0,parseIndex
FNDA:0,parseFileHeader
FNDA:0,parseHunk
FNDA:0,(anonymous_706)
FNDA:0,(anonymous_707)
FNDA:0,iterator
FNDA:0,(anonymous_709)
FNDA:0,_toConsumableArray
FNDA:0,calcLineCount
FNDA:0,merge
FNDA:0,loadPatch
FNDA:0,fileNameChanged
FNDA:0,selectField
FNDA:0,hunkBefore
FNDA:0,cloneHunk
FNDA:0,mergeLines
FNDA:0,mutualChange
FNDA:0,removal
FNDA:0,conflict
FNDA:0,insertLeading
FNDA:0,insertTrailing
FNDA:0,collectChange
FNDA:0,collectContext
FNDA:0,allRemoves
FNDA:0,(anonymous_727)
FNDA:0,skipRemoveSuperset
FNDA:0,calcOldNewLineCount
FNDA:0,(anonymous_730)
FNDA:0,(anonymous_731)
FNDA:0,_toConsumableArray
FNDA:0,structuredPatch
FNDA:0,contextLines
FNDA:0,(anonymous_735)
FNDA:0,_loop
FNDA:0,(anonymous_737)
FNDA:0,createTwoFilesPatch
FNDA:0,createPatch
FNDA:0,(anonymous_740)
FNDA:0,arrayEqual
FNDA:0,arrayStartsWith
FNDA:0,(anonymous_743)
FNDA:0,convertChangesToDMP
FNDA:0,(anonymous_745)
FNDA:0,convertChangesToXML
FNDA:0,escapeHTML
FNDA:0,(anonymous_748)
FNDA:0,(anonymous_749)
FNDA:0,(anonymous_750)
FNDA:0,EventEmitter
FNDA:0,(anonymous_752)
FNDA:0,(anonymous_753)
FNDA:0,setMaxListeners
FNDA:0,$getMaxListeners
FNDA:0,getMaxListeners
FNDA:0,emitNone
FNDA:0,emitOne
FNDA:0,emitTwo
FNDA:0,emitThree
FNDA:0,emitMany
FNDA:0,emit
FNDA:0,_addListener
FNDA:0,addListener
FNDA:0,prependListener
FNDA:0,onceWrapper
FNDA:0,_onceWrap
FNDA:0,once
FNDA:0,prependOnceListener
FNDA:0,removeListener
FNDA:0,removeAllListeners
FNDA:0,listeners
FNDA:0,(anonymous_773)
FNDA:0,listenerCount
FNDA:0,eventNames
FNDA:0,spliceOne
FNDA:0,arrayClone
FNDA:0,unwrapListeners
FNDA:0,objectCreatePolyfill
FNDA:0,(anonymous_780)
FNDA:0,objectKeysPolyfill
FNDA:0,functionBindPolyfill
FNDA:0,(anonymous_783)
FNDA:0,(anonymous_784)
FNDA:0,(anonymous_785)
FNDA:0,(anonymous_786)
FNDA:0,(anonymous_787)
FNDA:0,(anonymous_788)
FNDA:0,(anonymous_789)
FNDA:0,(anonymous_790)
FNDA:0,(anonymous_791)
FNDA:0,(anonymous_792)
FNDA:0,(anonymous_793)
FNDA:0,(anonymous_794)
FNDA:0,(anonymous_795)
FNDA:0,(anonymous_796)
FNDA:0,(anonymous_797)
FNDA:0,(anonymous_798)
FNDA:0,(anonymous_799)
FNDA:0,(anonymous_800)
FNDA:0,(anonymous_801)
FNDA:0,(anonymous_802)
FNDA:0,(anonymous_803)
FNDA:0,(anonymous_804)
FNDA:0,(anonymous_805)
FNDA:0,(anonymous_806)
FNDA:0,(anonymous_807)
FNDA:0,(anonymous_808)
FNDA:0,(anonymous_809)
FNDA:0,inherits
FNDA:0,inherits
FNDA:0,(anonymous_812)
FNDA:0,(anonymous_813)
FNDA:0,(anonymous_814)
FNDA:0,isBuffer
FNDA:0,isSlowBuffer
FNDA:0,(anonymous_817)
FNDA:0,(anonymous_818)
FNDA:0,(anonymous_819)
FNDA:0,(anonymous_820)
FNDA:0,mkdirP
FNDA:0,(anonymous_822)
FNDA:0,(anonymous_823)
FNDA:0,(anonymous_824)
FNDA:0,(anonymous_825)
FNDA:0,sync
FNDA:0,(anonymous_827)
FNDA:0,(anonymous_828)
FNDA:0,parse
FNDA:0,fmtShort
FNDA:0,fmtLong
FNDA:0,plural
FNDA:0,(anonymous_833)
FNDA:0,(anonymous_834)
FNDA:0,nextTick
FNDA:0,afterTickOne
FNDA:0,afterTickTwo
FNDA:0,afterTickThree
FNDA:0,afterTick
FNDA:0,(anonymous_840)
FNDA:0,defaultSetTimout
FNDA:0,defaultClearTimeout
FNDA:0,(anonymous_843)
FNDA:0,runTimeout
FNDA:0,runClearTimeout
FNDA:0,cleanUpNextTick
FNDA:0,drainQueue
FNDA:0,(anonymous_848)
FNDA:0,Item
FNDA:0,(anonymous_850)
FNDA:0,noop
FNDA:0,(anonymous_852)
FNDA:0,(anonymous_853)
FNDA:0,(anonymous_854)
FNDA:0,(anonymous_855)
FNDA:0,(anonymous_856)
FNDA:0,(anonymous_857)
FNDA:0,(anonymous_858)
FNDA:0,(anonymous_859)
FNDA:0,Duplex
FNDA:0,(anonymous_861)
FNDA:0,onend
FNDA:0,onEndNT
FNDA:0,(anonymous_864)
FNDA:0,(anonymous_865)
FNDA:0,(anonymous_866)
FNDA:0,(anonymous_867)
FNDA:0,PassThrough
FNDA:0,(anonymous_869)
FNDA:0,(anonymous_870)
FNDA:0,(anonymous_871)
FNDA:0,(anonymous_872)
FNDA:0,(anonymous_873)
FNDA:0,_uint8ArrayToBuffer
FNDA:0,_isUint8Array
FNDA:0,(anonymous_876)
FNDA:0,prependListener
FNDA:0,ReadableState
FNDA:0,Readable
FNDA:0,(anonymous_880)
FNDA:0,(anonymous_881)
FNDA:0,(anonymous_882)
FNDA:0,(anonymous_883)
FNDA:0,(anonymous_884)
FNDA:0,readableAddChunk
FNDA:0,addChunk
FNDA:0,chunkInvalid
FNDA:0,needMoreData
FNDA:0,(anonymous_889)
FNDA:0,(anonymous_890)
FNDA:0,computeNewHighWaterMark
FNDA:0,howMuchToRead
FNDA:0,(anonymous_893)
FNDA:0,onEofChunk
FNDA:0,emitReadable
FNDA:0,emitReadable_
FNDA:0,maybeReadMore
FNDA:0,maybeReadMore_
FNDA:0,(anonymous_899)
FNDA:0,(anonymous_900)
FNDA:0,onunpipe
FNDA:0,onend
FNDA:0,cleanup
FNDA:0,ondata
FNDA:0,onerror
FNDA:0,onclose
FNDA:0,onfinish
FNDA:0,unpipe
FNDA:0,pipeOnDrain
FNDA:0,(anonymous_910)
FNDA:0,(anonymous_911)
FNDA:0,(anonymous_912)
FNDA:0,nReadingNextTick
FNDA:0,(anonymous_914)
FNDA:0,resume
FNDA:0,resume_
FNDA:0,(anonymous_917)
FNDA:0,flow
FNDA:0,(anonymous_919)
FNDA:0,(anonymous_920)
FNDA:0,(anonymous_921)
FNDA:0,(anonymous_922)
FNDA:0,(anonymous_923)
FNDA:0,(anonymous_924)
FNDA:0,(anonymous_925)
[...]
BRDA:13054,1394,0,0
BRDA:13054,1394,1,0
BRDA:13058,1395,0,0
BRDA:13058,1395,1,0
BRDA:13058,1396,0,0
BRDA:13058,1396,1,0
BRDA:13060,1397,0,0
BRDA:13060,1397,1,0
BRDA:13060,1398,0,0
BRDA:13060,1398,1,0
BRDA:13065,1399,0,0
BRDA:13065,1399,1,0
BRDA:13074,1400,0,0
BRDA:13074,1400,1,0
BRDA:13074,1401,0,0
BRDA:13074,1401,1,0
BRDA:13074,1401,2,0
BRDA:13079,1402,0,0
BRDA:13079,1402,1,0
BRDA:13080,1403,0,0
BRDA:13080,1403,1,0
BRDA:13082,1404,0,0
BRDA:13082,1404,1,0
BRDA:13089,1405,0,0
BRDA:13089,1405,1,0
BRDA:13089,1406,0,0
BRDA:13089,1406,1,0
BRDA:13089,1406,2,0
BRDA:13089,1406,3,0
BRDA:13103,1407,0,0
BRDA:13103,1407,1,0
BRDA:13103,1407,2,0
BRDA:13103,1407,3,0
BRDA:13112,1408,0,0
BRDA:13112,1408,1,0
BRDA:13121,1409,0,0
BRDA:13121,1409,1,0
BRDA:13140,1410,0,0
BRDA:13140,1410,1,0
BRDA:13140,1411,0,0
BRDA:13140,1411,1,0
BRDA:13140,1411,2,0
BRDA:13141,1412,0,0
BRDA:13141,1412,1,0
BRDA:13142,1413,0,0
BRDA:13142,1413,1,0
BRDA:13144,1414,0,0
BRDA:13144,1414,1,0
BRDA:13144,1415,0,0
BRDA:13144,1415,1,0
BRDA:13147,1416,0,0
BRDA:13147,1416,1,0
BRDA:13148,1417,0,0
BRDA:13148,1417,1,0
BRDA:13150,1418,0,0
BRDA:13150,1418,1,0
BRDA:13164,1419,0,0
BRDA:13164,1419,1,0
BRDA:13169,1420,0,0
BRDA:13169,1420,1,0
BRDA:13169,1421,0,0
BRDA:13169,1421,1,0
BRDA:13169,1421,2,0
BRDA:13169,1421,3,0
BRDA:13171,1422,0,0
BRDA:13171,1422,1,0
BRDA:13171,1423,0,0
BRDA:13171,1423,1,0
BRDA:13178,1424,0,0
BRDA:13178,1424,1,0
BRDA:13178,1425,0,0
BRDA:13178,1425,1,0
BRDA:13179,1426,0,0
BRDA:13179,1426,1,0
BRDA:13210,1427,0,0
BRDA:13210,1427,1,0
BRDA:13210,1428,0,0
BRDA:13210,1428,1,0
BRDA:13217,1429,0,0
BRDA:13217,1429,1,0
BRDA:13217,1430,0,0
BRDA:13217,1430,1,0
BRDA:13220,1431,0,0
BRDA:13220,1431,1,0
BRDA:13225,1432,0,0
BRDA:13225,1432,1,0
BRDA:13231,1433,0,0
BRDA:13231,1433,1,0
BRDA:13235,1434,0,0
BRDA:13235,1434,1,0
BRDA:13237,1435,0,0
BRDA:13237,1435,1,0
BRDA:13244,1436,0,0
BRDA:13244,1436,1,0
BRDA:13247,1437,0,0
BRDA:13247,1437,1,0
BRDA:13250,1438,0,0
BRDA:13250,1438,1,0
BRDA:13250,1439,0,0
BRDA:13250,1439,1,0
BRDA:13253,1440,0,0
BRDA:13253,1440,1,0
BRDA:13259,1441,0,0
BRDA:13259,1441,1,0
BRDA:13260,1442,0,0
BRDA:13260,1442,1,0
BRDA:13262,1443,0,0
BRDA:13262,1443,1,0
BRDA:13262,1444,0,0
BRDA:13262,1444,1,0
BRDA:13264,1445,0,0
BRDA:13264,1445,1,0
BRDA:13279,1446,0,0
BRDA:13279,1446,1,0
BRDA:13282,1447,0,0
BRDA:13282,1447,1,0
BRDA:13299,1448,0,0
BRDA:13299,1448,1,0
BRDA:13307,1449,0,0
BRDA:13307,1449,1,0
BRDA:13307,1449,2,0
BRDA:13307,1449,3,0
BRDA:13310,1450,0,0
BRDA:13310,1450,1,0
BRDA:13329,1451,0,0
BRDA:13329,1451,1,0
BRDA:13329,1451,2,0
BRDA:13343,1452,0,0
BRDA:13343,1452,1,0
BRDA:13343,1452,2,0
BRDA:13343,1452,3,0
BRDA:13345,1453,0,0
BRDA:13345,1453,1,0
BRDA:13346,1454,0,0
BRDA:13346,1454,1,0
BRDA:13351,1455,0,0
BRDA:13351,1455,1,0
BRDA:13352,1456,0,0
BRDA:13352,1456,1,0
BRDA:13352,1457,0,0
BRDA:13352,1457,1,0
BRDA:13391,1458,0,0
BRDA:13391,1458,1,0
BRDA:13391,1459,0,0
BRDA:13391,1459,1,0
BRDA:13391,1459,2,0
BRDA:13404,1460,0,0
BRDA:13404,1460,1,0
BRDA:13404,1461,0,0
BRDA:13404,1461,1,0
BRDA:13409,1462,0,0
BRDA:13409,1462,1,0
BRDA:13409,1463,0,0
BRDA:13409,1463,1,0
BRDA:13409,1463,2,0
BRDA:13409,1463,3,0
BRDA:13409,1463,4,0
BRDA:13424,1464,0,0
BRDA:13424,1464,1,0
BRDA:13452,1465,0,0
BRDA:13452,1465,1,0
BRDA:13464,1466,0,0
BRDA:13464,1466,1,0
BRDA:13465,1467,0,0
BRDA:13465,1467,1,0
BRDA:13465,1468,0,0
BRDA:13465,1468,1,0
BRDA:13477,1469,0,0
BRDA:13477,1469,1,0
BRDA:13480,1470,0,0
BRDA:13480,1470,1,0
BRDA:13482,1471,0,0
BRDA:13482,1471,1,0
BRDA:13482,1472,0,0
BRDA:13482,1472,1,0
BRDA:13484,1473,0,0
BRDA:13484,1473,1,0
BRDA:13490,1474,0,0
BRDA:13490,1474,1,0
BRDA:13496,1475,0,0
BRDA:13496,1475,1,0
BRDA:13511,1476,0,0
BRDA:13511,1476,1,0
BRDA:13515,1477,0,0
BRDA:13515,1477,1,0
BRDA:13527,1478,0,0
BRDA:13527,1478,1,0
BRDA:13529,1479,0,0
BRDA:13529,1479,1,0
BRDA:13530,1480,0,0
BRDA:13530,1480,1,0
BRDA:13532,1481,0,0
BRDA:13532,1481,1,0
BRDA:13532,1482,0,0
BRDA:13532,1482,1,0
BRDA:13535,1483,0,0
BRDA:13535,1483,1,0
BRDA:13537,1484,0,0
BRDA:13537,1484,1,0
BRDA:13556,1485,0,0
BRDA:13556,1485,1,0
BRDA:13565,1486,0,0
BRDA:13565,1486,1,0
BRDA:13572,1487,0,0
BRDA:13572,1487,1,0
BRDA:13581,1488,0,0
BRDA:13581,1488,1,0
BRDA:13581,1489,0,0
BRDA:13581,1489,1,0
BRDA:13586,1490,0,0
BRDA:13586,1490,1,0
BRDA:13597,1491,0,0
BRDA:13597,1491,1,0
BRDA:13611,1492,0,0
BRDA:13611,1492,1,0
BRDA:13611,1493,0,0
BRDA:13611,1493,1,0
BRDA:13613,1494,0,0
BRDA:13613,1494,1,0
BRDA:13613,1495,0,0
BRDA:13613,1495,1,0
BRDA:13621,1496,0,0
BRDA:13621,1496,1,0
BRDA:13624,1497,0,0
BRDA:13624,1497,1,0
BRDA:13624,1498,0,0
BRDA:13624,1498,1,0
BRDA:13624,1498,2,0
BRDA:13624,1499,0,0
BRDA:13624,1499,1,0
BRDA:13624,1500,0,0
BRDA:13624,1500,1,0
BRDA:13624,1500,2,0
BRDA:13627,1501,0,0
BRDA:13627,1501,1,0
BRDA:13636,1502,0,0
BRDA:13636,1502,1,0
BRDA:13636,1503,0,0
BRDA:13636,1503,1,0
BRDA:13654,1504,0,0
BRDA:13654,1504,1,0
BRDA:13682,1505,0,0
BRDA:13682,1505,1,0
BRDA:13685,1506,0,0
BRDA:13685,1506,1,0
BRDA:13685,1507,0,0
BRDA:13685,1507,1,0
BRDA:13685,1508,0,0
BRDA:13685,1508,1,0
BRDA:13687,1509,0,0
BRDA:13687,1509,1,0
BRDA:13687,1510,0,0
BRDA:13687,1510,1,0
BRDA:13702,1511,0,0
BRDA:13702,1511,1,0
BRDA:13706,1512,0,0
BRDA:13706,1512,1,0
BRDA:13711,1513,0,0
BRDA:13711,1513,1,0
BRDA:13727,1514,0,0
BRDA:13727,1514,1,0
BRDA:13728,1515,0,0
BRDA:13728,1515,1,0
BRDA:13730,1516,0,0
BRDA:13730,1516,1,0
BRDA:13731,1517,0,0
BRDA:13731,1517,1,0
BRDA:13733,1518,0,0
BRDA:13733,1518,1,0
BRDA:13757,1519,0,0
BRDA:13757,1519,1,0
BRDA:13760,1520,0,0
BRDA:13760,1520,1,0
BRDA:13761,1521,0,0
BRDA:13761,1521,1,0
BRDA:13763,1522,0,0
BRDA:13763,1522,1,0
BRDA:13781,1523,0,0
BRDA:13781,1523,1,0
BRDA:13783,1524,0,0
BRDA:13783,1524,1,0
BRDA:13791,1525,0,0
BRDA:13791,1525,1,0
BRDA:13791,1526,0,0
BRDA:13791,1526,1,0
BRDA:13800,1527,0,0
BRDA:13800,1527,1,0
BRDA:13804,1528,0,1
BRDA:13804,1528,1,0
BRDA:13804,1529,0,0
BRDA:13804,1529,1,0
BRDA:13804,1530,0,0
BRDA:13804,1530,1,0
BRDA:13888,1531,0,0
BRDA:13888,1531,1,0
BRDA:13895,1532,0,0
BRDA:13895,1532,1,0
BRDA:13902,1533,0,0
BRDA:13902,1533,1,0
BRDA:13902,1534,0,0
BRDA:13902,1534,1,0
BRDA:13908,1535,0,0
BRDA:13908,1535,1,0
BRDA:13929,1536,0,0
BRDA:13929,1536,1,0
BRDA:13930,1537,0,0
BRDA:13930,1537,1,0
BRDA:13932,1538,0,0
BRDA:13932,1538,1,0
BRDA:13942,1539,0,0
BRDA:13942,1539,1,0
BRDA:13975,1540,0,0
BRDA:13975,1540,1,0
BRDA:13977,1541,0,0
BRDA:13977,1541,1,0
BRDA:13977,1542,0,0
BRDA:13977,1542,1,0
BRDA:13977,1542,2,0
BRDA:13987,1543,0,0
BRDA:13987,1543,1,0
BRDA:13987,1544,0,0
BRDA:13987,1544,1,0
BRDA:13987,1544,2,0
BRDA:14007,1545,0,0
BRDA:14007,1545,1,0
BRDA:14009,1546,0,0
BRDA:14009,1546,1,0
BRDA:14014,1547,0,0
BRDA:14014,1547,1,0
BRDA:14016,1548,0,0
BRDA:14016,1548,1,0
BRDA:14078,1549,0,0
BRDA:14078,1549,1,1
BRDA:14078,1550,0,1
BRDA:14078,1550,1,0
BRDA:14105,1551,0,1
BRDA:14105,1551,1,0
BRDA:14110,1552,0,0
BRDA:14110,1552,1,0
BRDA:14122,1553,0,1
BRDA:14122,1553,1,0
BRDA:14124,1554,0,1
BRDA:14124,1554,1,0
BRDA:14137,1555,0,0
BRDA:14137,1555,1,1
BRDA:14137,1556,0,0
BRDA:14137,1556,1,0
BRDA:14144,1557,0,0
BRDA:14144,1557,1,1
BRDA:14146,1558,0,0
BRDA:14146,1558,1,1
BRDA:14146,1559,0,1
BRDA:14146,1559,1,1
BRDA:14146,1560,0,0
BRDA:14146,1560,1,1
BRDA:14146,1561,0,1
BRDA:14146,1561,1,0
BRDA:14146,1561,2,0
BRDA:14175,1562,0,1
BRDA:14175,1562,1,1
BRDA:14255,1563,0,1
BRDA:14255,1563,1,0
BRDA:14255,1564,0,1
BRDA:14255,1564,1,1
BRDA:14255,1564,2,1
BRDA:14259,1565,0,0
BRDA:14259,1565,1,0
BRDA:14260,1566,0,0
BRDA:14260,1566,1,0
BRDA:14262,1567,0,0
BRDA:14262,1567,1,0
BRDA:14272,1568,0,1
BRDA:14272,1568,1,1
BRDA:14281,1569,0,0
BRDA:14281,1569,1,1
BRDA:14281,1570,0,1
BRDA:14281,1570,1,0
BRDA:14290,1571,0,1
BRDA:14290,1571,1,0
BRDA:14291,1572,0,0
BRDA:14291,1572,1,1
BRDA:14293,1573,0,0
BRDA:14293,1573,1,1
BRDA:14295,1574,0,0
BRDA:14295,1574,1,1
BRDA:14297,1575,0,0
BRDA:14297,1575,1,1
BRDA:14322,1576,0,0
BRDA:14322,1576,1,0
BRDA:14324,1577,0,0
BRDA:14324,1577,1,0
BRDA:14324,1578,0,0
BRDA:14324,1578,1,0
BRDA:14324,1578,2,0
BRDA:14327,1579,0,0
BRDA:14327,1579,1,0
BRDA:14338,1580,0,0
BRDA:14338,1580,1,0
BRDA:14340,1581,0,0
BRDA:14340,1581,1,0
BRDA:14340,1582,0,0
BRDA:14340,1582,1,0
BRDA:14344,1583,0,0
BRDA:14344,1583,1,0
BRDA:14349,1584,0,0
BRDA:14349,1584,1,0
BRDA:14349,1585,0,0
BRDA:14349,1585,1,0
BRDA:14351,1586,0,0
BRDA:14351,1586,1,0
BRDA:14353,1587,0,0
BRDA:14353,1587,1,0
BRDA:14353,1588,0,0
BRDA:14353,1588,1,0
BRDA:14353,1589,0,0
BRDA:14353,1589,1,0
BRDA:14370,1590,0,0
BRDA:14370,1590,1,0
BRDA:14373,1591,0,0
BRDA:14373,1591,1,0
BRDA:14373,1592,0,0
BRDA:14373,1592,1,0
BRDA:14373,1592,2,0
BRDA:14373,1592,3,0
BRDA:14373,1592,4,0
BRDA:14379,1593,0,0
BRDA:14379,1593,1,0
BRDA:14380,1594,0,0
BRDA:14380,1594,1,0
BRDA:14386,1595,0,0
BRDA:14386,1595,1,0
BRDA:14386,1596,0,0
BRDA:14386,1596,1,0
BRDA:14386,1596,2,0
BRDA:14406,1597,0,0
BRDA:14406,1597,1,0
BRDA:14408,1598,0,0
BRDA:14408,1598,1,0
BRDA:14414,1599,0,0
BRDA:14414,1599,1,0
BRDA:14420,1600,0,0
BRDA:14420,1600,1,0
BRDA:14422,1601,0,0
BRDA:14422,1601,1,0
BRDA:14422,1602,0,0
BRDA:14422,1602,1,0
BRDA:14431,1603,0,0
BRDA:14431,1603,1,0
BRDA:14449,1604,0,0
BRDA:14449,1604,1,0
BRDA:14456,1605,0,0
BRDA:14456,1605,1,0
BRDA:14491,1606,0,0
BRDA:14491,1606,1,0
BRDA:14495,1607,0,0
BRDA:14495,1607,1,0
BRDA:14495,1608,0,0
BRDA:14495,1608,1,0
BRDA:14495,1608,2,0
BRDA:14495,1608,3,0
BRDA:14499,1609,0,0
BRDA:14499,1609,1,0
BRDA:14510,1610,0,0
BRDA:14510,1610,1,0
BRDA:14520,1611,0,0
BRDA:14520,1611,1,0
BRDA:14520,1612,0,0
BRDA:14520,1612,1,0
BRDA:14531,1613,0,0
BRDA:14531,1613,1,0
BRDA:14531,1614,0,0
BRDA:14531,1614,1,0
BRDA:14531,1614,2,0
BRDA:14542,1615,0,0
BRDA:14542,1615,1,0
BRDA:14554,1616,0,0
BRDA:14554,1616,1,0
BRDA:14567,1617,0,0
BRDA:14567,1617,1,0
BRDA:14576,1618,0,0
BRDA:14576,1618,1,0
BRDA:14581,1619,0,0
BRDA:14581,1619,1,0
BRDA:14597,1620,0,0
BRDA:14597,1620,1,0
BRDA:14601,1621,0,0
BRDA:14601,1621,1,0
BRDA:14606,1622,0,0
BRDA:14606,1622,1,0
BRDA:14606,1623,0,0
BRDA:14606,1623,1,0
BRDA:14609,1624,0,0
BRDA:14609,1624,1,0
BRDA:14615,1625,0,0
BRDA:14615,1625,1,0
BRDA:14615,1626,0,0
BRDA:14615,1626,1,0
BRDA:14619,1627,0,0
BRDA:14619,1627,1,0
BRDA:14619,1627,2,0
BRDA:14619,1627,3,0
BRDA:14619,1627,4,0
BRDA:14624,1628,0,0
BRDA:14624,1628,1,0
BRDA:14633,1629,0,0
BRDA:14633,1629,1,0
BRDA:14633,1630,0,0
BRDA:14633,1630,1,0
BRDA:14634,1631,0,0
BRDA:14634,1631,1,0
BRDA:14647,1632,0,0
BRDA:14647,1632,1,0
BRDA:14649,1633,0,0
BRDA:14649,1633,1,0
BRDA:14660,1634,0,0
BRDA:14660,1634,1,0
BRDA:14661,1635,0,0
BRDA:14661,1635,1,0
BRDA:14676,1636,0,0
BRDA:14676,1636,1,0
BRDA:14685,1637,0,0
BRDA:14685,1637,1,0
BRDA:14693,1638,0,0
BRDA:14693,1638,1,0
BRDA:14709,1639,0,1
BRDA:14709,1639,1,0
BRDA:14709,1640,0,0
BRDA:14709,1640,1,0
BRDA:14709,1641,0,0
BRDA:14709,1641,1,0
BRDA:14713,1642,0,0
BRDA:14713,1642,1,0
BRDA:14733,1643,0,0
BRDA:14733,1643,1,0
BRDA:14740,1644,0,0
BRDA:14740,1644,1,0
BRDA:14746,1645,0,0
BRDA:14746,1645,1,0
BRDA:14748,1646,0,0
BRDA:14748,1646,1,0
BRDA:14759,1647,0,0
BRDA:14759,1647,1,0
BRDA:14768,1648,0,0
BRDA:14768,1648,1,0
BRDA:14769,1649,0,0
BRDA:14769,1649,1,0
BRDA:14784,1650,0,0
BRDA:14784,1650,1,1
BRDA:14784,1651,0,1
BRDA:14784,1651,1,1
BRDA:14784,1651,2,0
BRDA:14802,1652,0,0
BRDA:14802,1652,1,0
BRDA:14803,1653,0,0
BRDA:14803,1653,1,0
BRDA:14805,1654,0,0
BRDA:14805,1654,1,0
BRDA:14805,1655,0,0
BRDA:14805,1655,1,0
BRDA:14806,1656,0,0
BRDA:14806,1656,1,0
BRDA:14808,1657,0,0
BRDA:14808,1657,1,0
BRDA:14808,1658,0,0
BRDA:14808,1658,1,0
BRDA:14808,1658,2,0
BRDA:14817,1659,0,0
BRDA:14817,1659,1,0
BRDA:14822,1660,0,0
BRDA:14822,1660,1,0
BRDA:14826,1661,0,0
BRDA:14826,1661,1,0
BRDA:14827,1662,0,0
BRDA:14827,1662,1,0
BRDA:14827,1663,0,0
BRDA:14827,1663,1,0
BRDA:14829,1664,0,0
BRDA:14829,1664,1,0
BRDA:14832,1665,0,0
BRDA:14832,1665,1,0
BRDA:14841,1666,0,0
BRDA:14841,1666,1,0
BRDA:14848,1667,0,0
BRDA:14848,1667,1,0
BRDA:14897,1668,0,1
BRDA:14897,1668,1,0
BRDA:14897,1669,0,1
BRDA:14897,1669,1,1
BRDA:14897,1669,2,1
BRDA:14897,1669,3,1
BRDA:14913,1670,0,0
BRDA:14913,1670,1,0
BRDA:14920,1671,0,0
BRDA:14920,1671,1,0
BRDA:14924,1672,0,0
BRDA:14924,1672,1,0
BRDA:14925,1673,0,0
BRDA:14925,1673,1,0
BRDA:14937,1674,0,0
BRDA:14937,1674,1,0
BRDA:14944,1675,0,0
BRDA:14944,1675,1,0
BRDA:15000,1676,0,0
BRDA:15000,1676,1,0
BRDA:15001,1677,0,0
BRDA:15001,1677,1,0
BRDA:15001,1678,0,0
BRDA:15001,1678,1,0
BRDA:15010,1679,0,0
BRDA:15010,1679,1,0
BRDA:15010,1680,0,0
BRDA:15010,1680,1,0
BRDA:15019,1681,0,0
BRDA:15019,1681,1,0
BRDA:15019,1682,0,0
BRDA:15019,1682,1,0
BRDA:15019,1682,2,0
BRDA:15026,1683,0,0
BRDA:15026,1683,1,0
BRDA:15034,1684,0,0
BRDA:15034,1684,1,0
BRDA:15037,1685,0,0
BRDA:15037,1685,1,0
BRDA:15043,1686,0,0
BRDA:15043,1686,1,0
BRDA:15108,1687,0,0
BRDA:15108,1687,1,0
BRDA:15110,1688,0,0
BRDA:15110,1688,1,0
BRDA:15110,1688,2,0
BRDA:15110,1688,3,0
BRDA:15110,1688,4,0
BRDA:15110,1688,5,0
BRDA:15110,1688,6,0
BRDA:15110,1688,7,0
BRDA:15110,1688,8,0
BRDA:15110,1688,9,0
BRDA:15110,1688,10,0
BRDA:15110,1688,11,0
BRDA:15110,1689,0,0
BRDA:15110,1689,1,0
BRDA:15119,1690,0,0
BRDA:15119,1690,1,0
BRDA:15122,1691,0,0
BRDA:15122,1691,1,0
BRDA:15122,1691,2,0
BRDA:15122,1691,3,0
BRDA:15122,1691,4,0
BRDA:15122,1691,5,0
BRDA:15122,1691,6,0
BRDA:15122,1691,7,0
BRDA:15122,1691,8,0
BRDA:15122,1691,9,0
BRDA:15122,1691,10,0
BRDA:15122,1691,11,0
BRDA:15139,1692,0,0
BRDA:15139,1692,1,0
BRDA:15150,1693,0,0
BRDA:15150,1693,1,0
BRDA:15150,1694,0,0
BRDA:15150,1694,1,0
BRDA:15150,1694,2,0
BRDA:15151,1695,0,0
BRDA:15151,1695,1,0
BRDA:15161,1696,0,0
BRDA:15161,1696,1,0
BRDA:15161,1696,2,0
BRDA:15161,1696,3,0
BRDA:15187,1697,0,0
BRDA:15187,1697,1,0
BRDA:15190,1698,0,0
BRDA:15190,1698,1,0
BRDA:15192,1699,0,0
BRDA:15192,1699,1,0
BRDA:15198,1700,0,0
BRDA:15198,1700,1,0
BRDA:15198,1701,0,0
BRDA:15198,1701,1,0
BRDA:15199,1702,0,0
BRDA:15199,1702,1,0
BRDA:15209,1703,0,0
BRDA:15209,1703,1,0
BRDA:15220,1704,0,0
BRDA:15220,1704,1,0
BRDA:15220,1705,0,0
BRDA:15220,1705,1,0
BRDA:15220,1706,0,0
BRDA:15220,1706,1,0
BRDA:15220,1707,0,0
BRDA:15220,1707,1,0
BRDA:15221,1708,0,0
BRDA:15221,1708,1,0
BRDA:15229,1709,0,0
BRDA:15229,1709,1,0
BRDA:15231,1710,0,0
BRDA:15231,1710,1,0
BRDA:15232,1711,0,0
BRDA:15232,1711,1,0
BRDA:15235,1712,0,0
BRDA:15235,1712,1,0
BRDA:15235,1713,0,0
BRDA:15235,1713,1,0
BRDA:15237,1714,0,0
BRDA:15237,1714,1,0
BRDA:15238,1715,0,0
BRDA:15238,1715,1,0
BRDA:15241,1716,0,0
BRDA:15241,1716,1,0
BRDA:15241,1717,0,0
BRDA:15241,1717,1,0
BRDA:15243,1718,0,0
BRDA:15243,1718,1,0
BRDA:15244,1719,0,0
BRDA:15244,1719,1,0
BRDA:15245,1720,0,0
BRDA:15245,1720,1,0
BRDA:15261,1721,0,0
BRDA:15261,1721,1,0
BRDA:15265,1722,0,0
BRDA:15265,1722,1,0
BRDA:15265,1723,0,0
BRDA:15265,1723,1,0
BRDA:15266,1724,0,0
BRDA:15266,1724,1,0
BRDA:15270,1725,0,0
BRDA:15270,1725,1,0
BRDA:15270,1726,0,0
BRDA:15270,1726,1,0
BRDA:15271,1727,0,0
BRDA:15271,1727,1,0
BRDA:15283,1728,0,0
BRDA:15283,1728,1,0
BRDA:15284,1729,0,0
BRDA:15284,1729,1,0
BRDA:15297,1730,0,0
BRDA:15297,1730,1,0
BRDA:15307,1731,0,0
BRDA:15307,1731,1,0
BRDA:15307,1732,0,0
BRDA:15307,1732,1,0
BRDA:15308,1733,0,0
BRDA:15308,1733,1,0
BRDA:15317,1734,0,0
BRDA:15317,1734,1,0
BRDA:15319,1735,0,0
BRDA:15319,1735,1,0
BRDA:15321,1736,0,0
BRDA:15321,1736,1,0
BRDA:15321,1737,0,0
BRDA:15321,1737,1,0
BRDA:15340,1738,0,0
BRDA:15340,1738,1,0
BRDA:15340,1739,0,0
BRDA:15340,1739,1,0
BRDA:15341,1740,0,0
BRDA:15341,1740,1,0
BRDA:15350,1741,0,0
BRDA:15350,1741,1,0
BRDA:15353,1742,0,0
BRDA:15353,1742,1,0
BRDA:15363,1743,0,0
BRDA:15363,1743,1,0
BRDA:15363,1744,0,0
BRDA:15363,1744,1,0
BRDA:15364,1745,0,0
BRDA:15364,1745,1,0
BRDA:15374,1746,0,0
BRDA:15374,1746,1,0
BRDA:15374,1747,0,0
BRDA:15374,1747,1,0
BRDA:15404,1748,0,0
BRDA:15404,1748,1,1
BRDA:15410,1749,0,0
BRDA:15410,1749,1,0
BRDA:15411,1750,0,0
BRDA:15411,1750,1,0
BRDA:15413,1751,0,0
BRDA:15413,1751,1,0
BRDA:15437,1752,0,1
BRDA:15437,1752,1,0
BRDA:15442,1753,0,0
BRDA:15442,1753,1,0
BRDA:15446,1754,0,1
BRDA:15446,1754,1,0
BRDA:15446,1755,0,0
BRDA:15446,1755,1,0
BRDA:15446,1756,0,0
BRDA:15446,1756,1,0
BRDA:15451,1757,0,0
BRDA:15451,1757,1,0
BRDA:15451,1757,2,0
BRDA:15451,1757,3,0
BRDA:15451,1757,4,0
BRDA:15481,1758,0,0
BRDA:15481,1758,1,0
BRDA:15493,1759,0,0
BRDA:15493,1759,1,0
BRDA:15494,1760,0,0
BRDA:15494,1760,1,0
BRDA:15495,1761,0,0
BRDA:15495,1761,1,0
BRDA:15495,1761,2,0
BRDA:15495,1761,3,0
BRDA:15509,1762,0,0
BRDA:15509,1762,1,0
BRDA:15509,1763,0,0
BRDA:15509,1763,1,0
BRDA:15524,1764,0,0
BRDA:15524,1764,1,0
BRDA:15530,1765,0,0
BRDA:15530,1765,1,0
BRDA:15536,1766,0,0
BRDA:15536,1766,1,0
BRDA:15537,1767,0,0
BRDA:15537,1767,1,0
BRDA:15539,1768,0,0
BRDA:15539,1768,1,0
BRDA:15556,1769,0,0
BRDA:15556,1769,1,0
BRDA:15557,1770,0,0
BRDA:15557,1770,1,0
BRDA:15559,1771,0,0
BRDA:15559,1771,1,0
BRDA:15560,1772,0,0
BRDA:15560,1772,1,0
BRDA:15589,1773,0,0
BRDA:15589,1773,1,0
BRDA:15590,1774,0,0
BRDA:15590,1774,1,0
BRDA:15591,1775,0,0
BRDA:15591,1775,1,0
BRDA:15594,1776,0,0
BRDA:15594,1776,1,0
BRDA:15599,1777,0,0
BRDA:15599,1777,1,0
BRDA:15600,1778,0,0
BRDA:15600,1778,1,0
BRDA:15601,1779,0,0
BRDA:15601,1779,1,0
BRDA:15602,1780,0,0
BRDA:15602,1780,1,0
BRDA:15603,1781,0,0
BRDA:15603,1781,1,0
BRDA:15643,1782,0,0
BRDA:15643,1782,1,0
BRDA:15671,1783,0,0
BRDA:15671,1783,1,0
BRDA:15671,1784,0,0
BRDA:15671,1784,1,0
BRDA:15671,1784,2,0
BRDA:15671,1784,3,0
BRDA:15671,1784,4,0
BRDA:15677,1785,0,0
BRDA:15677,1785,1,0
BRDA:15679,1786,0,0
BRDA:15679,1786,1,0
BRDA:15687,1787,0,0
BRDA:15687,1787,1,0
BRDA:15695,1788,0,0
BRDA:15695,1788,1,0
BRDA:15701,1789,0,0
BRDA:15701,1789,1,0
BRDA:15701,1790,0,0
BRDA:15701,1790,1,0
BRDA:15701,1790,2,0
BRDA:15707,1791,0,0
BRDA:15707,1791,1,0
BRDA:15708,1792,0,0
BRDA:15708,1792,1,0
BRDA:15709,1793,0,0
BRDA:15709,1793,1,0
BRDA:15712,1794,0,0
BRDA:15712,1794,1,0
BRDA:15715,1795,0,0
BRDA:15715,1795,1,0
BRDA:15718,1796,0,0
BRDA:15718,1796,1,0
BRDA:15726,1797,0,0
BRDA:15726,1797,1,0
BRDA:15732,1798,0,0
BRDA:15732,1798,1,0
BRDA:15733,1799,0,0
BRDA:15733,1799,1,0
BRDA:15738,1800,0,0
BRDA:15738,1800,1,0
BRDA:15743,1801,0,0
BRDA:15743,1801,1,0
BRDA:15748,1802,0,0
BRDA:15748,1802,1,0
BRDA:15752,1803,0,0
BRDA:15752,1803,1,0
BRDA:15752,1804,0,0
BRDA:15752,1804,1,0
BRDA:15752,1804,2,0
BRDA:15756,1805,0,0
BRDA:15756,1805,1,0
BRDA:15757,1806,0,0
BRDA:15757,1806,1,0
BRDA:15767,1807,0,0
BRDA:15767,1807,1,0
BRDA:15782,1808,0,0
BRDA:15782,1808,1,0
BRDA:15784,1809,0,0
BRDA:15784,1809,1,0
BRDA:15790,1810,0,0
BRDA:15790,1810,1,0
BRDA:15792,1811,0,0
BRDA:15792,1811,1,0
BRDA:15795,1812,0,0
BRDA:15795,1812,1,0
BRDA:15808,1813,0,0
BRDA:15808,1813,1,0
BRDA:15816,1814,0,0
BRDA:15816,1814,1,0
BRDA:15827,1815,0,0
BRDA:15827,1815,1,0
BRDA:15828,1816,0,0
BRDA:15828,1816,1,0
BRDA:15829,1817,0,0
BRDA:15829,1817,1,0
BRDA:15835,1818,0,0
BRDA:15835,1818,1,0
BRDA:15839,1819,0,0
BRDA:15839,1819,1,0
BRDA:15842,1820,0,0
BRDA:15842,1820,1,0
BRDA:15843,1821,0,0
BRDA:15843,1821,1,0
BRDA:15844,1822,0,0
BRDA:15844,1822,1,0
BRDA:15849,1823,0,0
BRDA:15849,1823,1,0
BRDA:15850,1824,0,0
BRDA:15850,1824,1,0
BRDA:15864,1825,0,0
BRDA:15864,1825,1,0
BRDA:15865,1826,0,0
BRDA:15865,1826,1,0
BRDA:15865,1827,0,0
BRDA:15865,1827,1,0
BRDA:15869,1828,0,0
BRDA:15869,1828,1,0
BRDA:15888,1829,0,0
BRDA:15888,1829,1,0
BRDA:15892,1830,0,0
BRDA:15892,1830,1,0
BRDA:15894,1831,0,0
BRDA:15894,1831,1,0
BRDA:15948,1832,0,0
BRDA:15948,1832,1,0
BRDA:15953,1833,0,0
BRDA:15953,1833,1,0
BRDA:15958,1834,0,0
BRDA:15958,1834,1,0
BRDA:15963,1835,0,0
BRDA:15963,1835,1,0
BRDA:15963,1835,2,0
BRDA:15974,1836,0,0
BRDA:15974,1836,1,0
BRDA:15974,1836,2,0
BRDA:15974,1836,3,0
BRDA:15974,1836,4,0
BRDA:15974,1836,5,0
BRDA:15991,1837,0,0
BRDA:15991,1837,1,0
BRDA:16031,1838,0,0
BRDA:16031,1838,1,0
BRDA:16031,1839,0,0
BRDA:16031,1839,1,0
BRDA:16045,1840,0,1
BRDA:16045,1840,1,0
BRDA:16045,1841,0,0
BRDA:16045,1841,1,0
BRDA:16045,1842,0,0
BRDA:16045,1842,1,0
BRF:3984
BRH:215
end_of_record
TN:
SF:/Users/max/Github/sketch-toolkit/src/test/test.js
FNF:0
FNH:0
LF:0
LH:0
BRF:0
BRH:0
end_of_record
TN:
SF:/Users/max/Github/sketch-toolkit/src/test/tests.js
FN:3,(anonymous_0)
FN:4,(anonymous_1)
FN:10,(anonymous_2)
FN:14,(anonymous_3)
FNF:4
FNH:0
FNDA:0,(anonymous_0)
FNDA:0,(anonymous_1)
FNDA:0,(anonymous_2)
FNDA:0,(anonymous_3)
DA:3,0
DA:4,0
DA:5,0
DA:6,0
DA:7,0
DA:8,0
DA:10,0
DA:11,0
DA:12,0
DA:14,0
DA:15,0
LF:11
LH:0
BRF:0
BRH:0
end_of_record
